1DB2FD28618BC79; 1466
1DB2FD28728B27E; 1460
1DB2FD2883A43AB; 1466
1DB2FD2986CFB2A; 1466
1DB2FD35211C7D3; 1466
1DB2FD3FE5ECC69; 1462
1DB2FD4A5DD5582; 1462
1DB2FD55229FC7B; 1489
1DB2FD563919F56; 1484
1DB2FD5759443DB; 1466
1DB2FD58796BD49; 1483
1DB2FD59999D43D; 1465
1DB2FD5B24D13F6; 1459
1DB2FD5BDA82DA1; 1465
1DB2FD5CFAA71DF; 1465
1DB2FD6829E3DA3; 1465
1DB2FD734F7FBDC; 1459
1DB2FD7C4D5C435; 1465
1DB3081571F8524; 1584
1DB3081582FC430; 1584
1DB308159424E7F; 1590
1DB308168D87206; 1585
1DB30817ADB20C0; 1590
1DB30818CDDB3B5; 1584
1DB30819EDFA461; 1591
1DB3081B0E2BEDE; 1585
1DB3081D045ADEB; 1591
1DB3081D4F8427E; 1584
1DB3081E6FAD324; 1591
1DB3081F8FD50CF; 1584
1DB30820AFFCA9A; 1591
1DB30821D01D5FE; 1563
1DB308235B4E047; 1584
1DB308247C02B7A; 1591
1DB3082531A629D; 1584
1DB3082651D095A; 1569
1DB308277203A78; 1563
1DB30828921FFDB; 1569
1DB30829B24A0D3; 1584
1DB3082AD26DD07; 1590
1DB3082BF2A7425; 1563
1DB3082D12C57B2; 1585
1DB3082E32E38F3; 1591
1DB3082F495C999; 1584
1DB3083069815E7; 1590
1DB3083189A469E; 1584
1DB3083314DCC00; 1584
1DB3083DE33199A; 1584
1DB30849125B054; 1584
1DB30854AC9377F; 1591
1DB3085CCBA6C54; 1584
1DB3086415BCBDC; 1588
1DB3086D43D8E6D; 1584
1DB3176BDF847B8; 1681
1DB3176BF0A114B; 1659
1DB3176C01BA1AB; 1665
1DB3176C12CF6D5; 1659
1DB3176D1F97C07; 1660
1DB317744CACA78; 1666
1DB3177BD0DBFDD; 1687
1DB3177CF1051F0; 1660
1DB3177E112DF0E; 1659
1DB317859F0DEF0; 1687
1DB31786BF3698C; 1660
1DB317884A6CC85; 1666
1DB31788F664304; 1660
1DB3178A168CF27; 1660
1DB3179545CA1CD; 1666
1DB3179E4D266C7; 1665
1DB317A97C6287D; 1659
1DB317B2706A656; 1666
1DB317BA2509EF7; 1659
1DB317C1350DB9D; 1681
1DB317C2C047BB2; 1666
1DB317C375EB7E3; 1659
1DB317C4962F923; 1660
1DBC45F7622BF36; 1383
1DBC45F9E1222B6; 1398
1DBC45FB3874CB6; 1398
1DBC45FC8FC76B6; 1404
1DBC45FE29DBE36; 1404
1DBC4601AA50136; 1397
1DBC460BF274336; 1406
1DBC461A0DD01D7; 1397
1DBC4622EE9FDB6; 1406
1DBC4622F97F897; 1406
1DBC462455F43D7; 1406
1DBC4625FF05F77; 1406
1DBC463B521FE57; 1406
1DBC463CFB319F7; 1406
1DBC463E8845940; 1406
1DBC46511D1E8D7; 1384
1DBC4652C630477; 1384
1DBC465453443C0; 1384
1DBC4664A25F6D7; 1381
1DBC46664B71277; 1381
1DBC4667D8851C0; 1381
1DBC4676F6734D7; 1413
1DBC46789F85077; 1413
1DBC467A2C98FC0; 1413
1DBC4687B9FC1D7; 1413
1DBC4689630DD77; 1413
1DBC468AF021CC0; 1413
1DBC4696F683457; 1407
1DBC46989F94FF7; 1407
1DBC469A2CA8F40; 1407
1DBC46AD9350DD7; 1392
1DBC46AF3C62977; 1392
1DBC46B0C9768C0; 1392
1DBC46C08984A57; 1392
1DBC46C232965F7; 1392
1DBC46C3BFAA540; 1392
1DBC46D55305557; 1394
1DBC46D6FC170F7; 1394
1DBC46D8892B040; 1394
1DBC46E89479461; 1394
1DBC46EC9B7C3D7; 1396
1DBC46EE448DF77; 1396
1DBC46EFD1A1EC0; 1396
1DBC46FFDCF02E1; 1396
1DBC47020084797; 1396
1DBC47021510F4B; 1396
1DBC4703DA69BD7; 1390
1DBC4705837B777; 1390
1DBC4707108F6C0; 1390
1DBC47171BDDAE1; 1390
1DBC47193F71F97; 1390
1DBC471953FE74B; 1390
1DBC471B22E0A57; 1395
1DBC471B5AFC57F; 1390
1DBC471CCBF25F7; 1395
1DBC471E5906540; 1395
1DBC472E6454961; 1395
1DBC473087E8E17; 1395
1DBC47309C755CB; 1395
1DBC47326B578D7; 1425
1DBC4732A3733FF; 1395
1DBC47341469477; 1425
1DBC4735A17D3C0; 1425
1DBC47433869C57; 1419
1DBC4744E17B7F7; 1419
1DBC47466E8F740; 1419
1DBC4747D05FC97; 1425
1DBC4747E4EC44B; 1425
1DBC4749EBEA27F; 1425
1DBC4757358F5F7; 1398
1DBC47589D72017; 1419
1DBC4758B1FE7CB; 1419
1DBC4758C2A3540; 1398
1DBC475AB8FC5FF; 1419
1DBC476930577C0; 1429
1DBC476AF185E17; 1398
1DBC476B06125CB; 1398
1DBC476D0D103FF; 1398
1DBC47793BA5BE1; 1429
1DBC477B5F3A097; 1429
1DBC477B73C684B; 1429
1DBC477D7AC467F; 1429
1DBC478EA746561; 1428
1DBC4790CADAA17; 1428
1DBC4790DF671CB; 1428
1DBC4792E664FFF; 1428
1DBC479F1E83E61; 1429
1DBC47A14218317; 1429
1DBC47A35DA28FF; 1429
1DBC47B666FACE1; 1432
1DBC47B88A8F197; 1432
1DBC47BAA61977F; 1432
1DBC47CDA5E84E1; 1439
1DBC47CFC97C997; 1439
1DBC47D1E506F7F; 1439
1DBC47E3F66AA61; 1430
1DBC47E619FEF17; 1430
1DBC47E835894FF; 1430
1DBC47FB3EE18E1; 1436
1DBC47FD6275D97; 1436
1DBC47FF7E0037F; 1436
1DBC48127DCF0E1; 1439
1DBC4814A163597; 1439
1DBC4816BCEDB7F; 1439
1DBC482924260E1; 1437
1DBC482B47BA597; 1437
1DBC482D6344B7F; 1437
1DBC484286A7D97; 1437
1DBC48429B3454B; 1437
1DBC4844A23237F; 1437
1DBC485BFDBBEFF; 1443
1DBC4C89B59703F; 1438
1DBC4CA0F48483F; 1445
1DBC4CA30E6647C; 1445
1DBC4CB83CFB6BF; 1447
1DBC4CBA56DD2FC; 1447
1DBC4CBC12CAFBB; 1447
1DBC4CBC1DCE32E; 1447
1DBC4CCEA09093F; 1446
1DBC4CD0BA7257C; 1446
1DBC4CD2766023B; 1446
1DBC4CD281635AE; 1446
1DBC4CD4753E161; 1446
1DBC4CE5DF7E13F; 1438
1DBC4CE7F95FD7C; 1438
1DBC4CE9B54DA3B; 1438
1DBC4CE9C050DAE; 1438
1DBC4CEBB42B961; 1438
1DBC4CEDC48AB84; 1438
1DBC4CFC43133BF; 1441
1DBC4CFE5CF4FFC; 1441
1DBC4D0018E2CBB; 1441
1DBC4D0023E602E; 1441
1DBC4D0217C0BE1; 1441
1DBC4D04281FE04; 1441
1DBC4D064208AB7; 1441
1DBC4D138B8A23F; 1447
1DBC4D15A56BE7C; 1447
1DBC4D176159B3B; 1447
1DBC4D176C5CEAE; 1447
1DBC4D196037A61; 1447
1DBC4D1B7096C84; 1447
1DBC4D1D8A7F937; 1447
1DBC4D29E595E3F; 1444
1DBC4D2BFF77A7C; 1444
1DBC4D2DBB6573B; 1444
1DBC4D2DC668AAE; 1444
1DBC4D2FBA43661; 1444
1DBC4D31CAA2884; 1444
1DBC4D33E48B537; 1444
1DBC4D412E0CCBF; 1450
1DBC4D4347EE8FC; 1450
1DBC4D4503DC5BB; 1450
1DBC4D450EDF92E; 1450
1DBC4D4702BA4E1; 1450
1DBC4D491319704; 1450
1DBC4D4B2D023B7; 1450
1DBC4D587683B3F; 1446
1DBC4D5A906577C; 1446
1DBC4D5C4C5343B; 1446
1DBC4D5C57567AE; 1446
1DBC4D5E4B31361; 1446
1DBC4D605B90584; 1446
1DBC4D627579237; 1446
1DBC4D6FB57133F; 1451
1DBC4D71CF52F7C; 1451
1DBC4D738B40C3B; 1451
1DBC4D739643FAE; 1451
1DBC4D758A1EB61; 1451
1DBC4D779A7DD84; 1451
1DBC4D79B466A37; 1451
1DBC4D86FDE81BF; 1430
1DBC4D8917C9DFC; 1430
1DBC4D8AD3B7ABB; 1430
1DBC4D8ADEBAE2E; 1430
1DBC4D8CD2959E1; 1430
1DBC4D8EE2F4C04; 1430
1DBC4D90FCDD8B7; 1430
1DBC4D9C1D3D73F; 1444
1DBC4D9E371F37C; 1444
1DBC4D9FF30D03B; 1444
1DBC4DA1F1EAF61; 1444
1DBC4DA4024A184; 1444
1DBC4DA61C32E37; 1444
1DBC4DB319691BF; 1423
1DBC4DB5334ADFC; 1423
1DBC4DB6EF38ABB; 1423
1DBC4DB8EE169E1; 1423
1DBC4DBAFE75C04; 1423
1DBC4DBD185E8B7; 1423
1DBC4DCA0C0B5BF; 1450
1DBC4DCC25ED1FC; 1450
1DBC4DCDE1DAEBB; 1450
1DBC4DCFE0B8DE1; 1450
1DBC4DD1F118004; 1450
1DBC4DD40B00CB7; 1450
1DBC4DE11B49D3F; 1424
1DBC4DE3352B97C; 1424
1DBC4DE4F11963B; 1424
1DBC4DE6EFF7561; 1424
1DBC4DE90056784; 1424
1DBC4DEB1A3F437; 1424
1DBC4DFA741917C; 1424
1DBC4DFC3006E3B; 1424
1DBC4DFE2EE4D61; 1424
1DBC4E003F43F84; 1424
1DBC4E02592CC37; 1424
1DBC4E0ED06603B; 1430
1DBC4E0EDB693AE; 1430
1DBC4E10CF43F61; 1430
1DBC4E12DFA3184; 1430
1DBC4E14F98BE37; 1430
1DBC4E27DE826E1; 1423
1DBC4E29B2ECD0D; 1430
1DBC4E29EEE1904; 1423
1DBC4E2C08CA5B7; 1423
1DBC4E40C22B48D; 1423
1DBC4E413758784; 1429
1DBC4E435141437; 1429
1DBC4E580AA230D; 1429
1DBC4E5A902EC37; 1429
1DBC4E6F498FB0D; 1429
1DBC4E86920698D; 1428
1DBC4E9DD0F418D; 1428
1DBC4EB50FE198D; 1476
1DBC4EC311B258D; 1483
1DBC4ECC61E1E8D; 1486
1DBC4EE08942B0D; 1482
1DBC4EF7D1B998D; 1462
1DBC4F0ABE63F8D; 1479
1DBC4F22106448D; 1484
1DBC4F354959E8D; 1513
1DBC4F45744C38D; 1512
1DBC4F55EB89C8D; 1512
1DBC53C7FB79611; 1541
1DBC53C80686EFC; 1541
1DBC53DF4D79B11; 1544
1DBC53E15F67C64; 1544
1DBC53F695F0991; 1545
1DBC53F8A7DEAE4; 1545
1DBC53FAC1D142A; 1545
1DBC53FACCDF0F4; 1545
1DBC540DD4DE191; 1548
1DBC540FE6CC2E4; 1548
1DBC541200BEC2A; 1548
1DBC54120BCC8F4; 1548
1DBC54141C3D17E; 1548
1DBC541427416FE; 1548
1DBC54251D55011; 1554
1DBC54272F43164; 1554
1DBC54294935AAA; 1554
1DBC54295443774; 1554
1DBC542B64B3FFE; 1554
1DBC542B6FB857E; 1554
1DBC542D80293F2; 1554
1DBC542D8B2F352; 1554
1DBC543BC3AC011; 1555
1DBC543DD59A164; 1555
1DBC543FEF8CAAA; 1555
1DBC543FFA9A774; 1555
1DBC54420B0AFFE; 1555
1DBC5442160F57E; 1555
1DBC544426803F2; 1555
1DBC54443186352; 1555
1DBC54462FAE2AD; 1555
1DBC5452C961111; 1565
1DBC5454DB4F264; 1565
1DBC5456F541BAA; 1565
1DBC5457004F874; 1565
1DBC545910C00FE; 1565
1DBC54591BC467E; 1565
1DBC545B2C354F2; 1565
1DBC545B373B452; 1565
1DBC545D35633AD; 1565
1DBC5468EA34611; 1567
1DBC546AFC22764; 1567
1DBC546D16150AA; 1567
1DBC546D2122D74; 1567
1DBC546F31935FE; 1567
1DBC546F3C97B7E; 1567
1DBC54714D089F2; 1567
1DBC5471580E952; 1567
1DBC547356368AD; 1567
1DBC547E9896D11; 1551
1DBC5480AA84E64; 1551
1DBC5482C4777AA; 1551
1DBC5482CF85474; 1551
1DBC5484DFF5CFE; 1551
1DBC5484EAFA27E; 1551
1DBC5486FB6B0F2; 1551
1DBC54870671052; 1551
1DBC54890498FAD; 1551
1DBC5493B7EC291; 1569
1DBC5495C9DA3E4; 1569
1DBC5497E3CCD2A; 1569
1DBC5497EEDA9F4; 1569
1DBC5499FF4B27E; 1569
1DBC549A0A4F7FE; 1569
1DBC549C1AC0672; 1569
1DBC549C25C65D2; 1569
1DBC549E23EE52D; 1569
1DBC54AB0063111; 1570
1DBC54AD1251264; 1570
1DBC54AF2C43BAA; 1570
1DBC54AF3751874; 1570
1DBC54B147C20FE; 1570
1DBC54B152C667E; 1570
1DBC54B363374F2; 1570
1DBC54B36E3D452; 1570
1DBC54B56C653AD; 1570
1DBC54BF3AD6A91; 1577
1DBC54C14CC4BE4; 1577
1DBC54C366B752A; 1577
1DBC54C371C51F4; 1577
1DBC54C58235A7E; 1577
1DBC54C58D39FFE; 1577
1DBC54C79DAAE72; 1577
1DBC54C7A8B0DD2; 1577
1DBC54C9A6D8D2D; 1577
1DBC54D5E12DA91; 1571
1DBC54D7F31BBE4; 1571
1DBC54DA0D0E52A; 1571
1DBC54DC288CA7E; 1571
1DBC54DC3390FFE; 1571
1DBC54DE4401E72; 1571
1DBC54DE4F07DD2; 1571
1DBC54E04D2FD2D; 1571
1DBC54ED29A4911; 1577
1DBC54EF3B92A64; 1577
1DBC54F155853AA; 1577
1DBC54F371038FE; 1577
1DBC54F37C07E7E; 1577
1DBC54F58C78CF2; 1577
1DBC54F5977EC52; 1577
1DBC54F795A6BAD; 1577
1DBC5504721B791; 1581
1DBC550684098E4; 1581
1DBC55089DFC22A; 1581
1DBC550AB97A77E; 1581
1DBC550CD4EFB72; 1581
1DBC550CDFF5AD2; 1581
1DBC550EDE1DA2D; 1581
1DBC551ACC27391; 1575
1DBC551AD734C7C; 1575
1DBC551CDE154E4; 1575
1DBC551EF807E2A; 1575
1DBC5521138637E; 1575
1DBC55232EFB772; 1575
1DBC5525382962D; 1575
1DBC5534399F064; 1578
1DBC553653919AA; 1578
1DBC55386F0FEFE; 1578
1DBC553A8A852F2; 1578
1DBC553C93B31AD; 1578
1DBC554D9C0882A; 1578
1DBC554DA7164F4; 1578
1DBC554FB786D7E; 1578
1DBC5551D2FC172; 1578
1DBC5553DC2A02D; 1578
1DBC5567098727E; 1578
1DBC5567148B7FE; 1578
1DBC556924FC672; 1578
1DBC556B2E2A52D; 1578
1DBC558076FCB72; 1579
1DBC55808202AD2; 1579
1DBC5582802AA2D; 1579
1DBC5599DBB45AD; 1578
1DBC590826C225D; 1591
1DBC591F6F390DD; 1591
1DBC5936B7AFF5D; 1588
1DBC594E0026DDD; 1591
1DBC59653F145DD; 1585
1DBC597CA4277DD; 1591
1DBC5993F627CDD; 1587
1DBC59AB3E9EB5D; 1582
1DBC59C1DB6C4DD; 1582
1DBC59D923E335D; 1588
1DBC59F062D0B5D; 1588
1DBC5A07AB479DD; 1584
1DBC5A1EEA351DD; 1590
1DBC5A3632AC05D; 1584
1DBC5A36C92282F; 1590
1DBC5A4D719985D; 1581
1DBC5A4FE96A379; 1584
1DBC5A4FF475CE3; 1584
1DBC5A640E671DD; 1591
1DBC5A655086EAF; 1581
1DBC5A672857B79; 1581
1DBC5A6733634E3; 1581
1DBC5A683C039D1; 1581
1DBC5A7BED5482F; 1591
1DBC5A7DC5254F9; 1591
1DBC5A7DD030E63; 1591
1DBC5A7ED8D1351; 1591
1DBC5A7F9FC0CD8; 1591
1DBC5A92E9802AF; 1560
1DBC5A94C150F79; 1560
1DBC5A94CC5C8E3; 1560
1DBC5A95D4FCDD1; 1560
1DBC5A969BEC758; 1560
1DBC5A97B7A87C9; 1560
1DBC5AA6C495B2F; 1559
1DBC5AA89C667F9; 1559
1DBC5AA8A772163; 1559
1DBC5AA9B012651; 1559
1DBC5AAA7701FD8; 1559
1DBC5AAB92BE049; 1559
1DBC5AACA4F1AE1; 1559
1DBC5AB791A7EAF; 1553
1DBC5AB96978B79; 1553
1DBC5AB974844E3; 1553
1DBC5ABA7D249D1; 1553
1DBC5ABB4414358; 1553
1DBC5ABC5FD03C9; 1553
1DBC5ABD7203E61; 1553
1DBC5ABF3732A53; 1553
1DBC5ACE37FEEAF; 1560
1DBC5AD00FCFB79; 1560
1DBC5AD01ADB4E3; 1560
1DBC5AD1237B9D1; 1560
1DBC5AD1EA6B358; 1560
1DBC5AD306273C9; 1560
1DBC5AD4185AE61; 1560
1DBC5AD5DD89A53; 1560
1DBC5AD76DA3010; 1560
1DBC5AE589FF3AF; 1553
1DBC5AE761D0079; 1553
1DBC5AE76CDB9E3; 1553
1DBC5AE8757BED1; 1553
1DBC5AE93C6B858; 1553
1DBC5AEA58278C9; 1553
1DBC5AEB6A5B361; 1553
1DBC5AED2F89F53; 1553
1DBC5AEEBFA3510; 1553
1DBC5AEFBF7EE7E; 1553
1DBC5AFCD27622F; 1551
1DBC5AFEAA46EF9; 1551
1DBC5B0084E26D8; 1551
1DBC5B01A09E749; 1551
1DBC5B02B2D21E1; 1551
1DBC5B047800DD3; 1551
1DBC5B06081A390; 1551
1DBC5B0707F5CFE; 1551
1DBC5B07D7F0356; 1551
1DBC5B1378CD22F; 1550
1DBC5B15509DEF9; 1550
1DBC5B172B396D8; 1550
1DBC5B1846F5749; 1550
1DBC5B1959291E1; 1550
1DBC5B1B1E57DD3; 1550
1DBC5B1CAE71390; 1550
1DBC5B1DAE4CCFE; 1550
1DBC5B1E7E47356; 1550
1DBC5B205F99591; 1550
1DBC5B2AB7BAA2F; 1557
1DBC5B2C8F8B6F9; 1557
1DBC5B2E6A26ED8; 1557
1DBC5B2F85E2F49; 1557
1DBC5B3098169E1; 1557
1DBC5B325D455D3; 1557
1DBC5B33ED5EB90; 1557
1DBC5B34ED3A4FE; 1557
1DBC5B35BD34B56; 1557
1DBC5B379E86D91; 1557
1DBC5B38E9C49B7; 1557
1DBC5B38FE5A583; 1557
1DBC5B41D08282F; 1551
1DBC5B43A8534F9; 1551
1DBC5B4582EECD8; 1551
1DBC5B469EAAD49; 1551
1DBC5B47B0DE7E1; 1551
1DBC5B49760D3D3; 1551
1DBC5B4B0626990; 1551
1DBC5B4C06022FE; 1551
1DBC5B4CD5FC956; 1551
1DBC5B4EB74EB91; 1551
1DBC5B50028C7B7; 1551
1DBC5B501722383; 1551
1DBC5B5201C783C; 1551
1DBC5B5918F96AF; 1557
1DBC5B5AF0CA379; 1557
1DBC5B5CCB65B58; 1557
1DBC5B5EF955661; 1557
1DBC5B60BE84253; 1557
1DBC5B624E9D810; 1557
1DBC5B634E7917E; 1557
1DBC5B641E737D6; 1557
1DBC5B65FFC5A11; 1557
1DBC5B674B03637; 1557
1DBC5B675F99203; 1557
1DBC5B694A3E6BC; 1557
1DBC5B6AFCA5DFB; 1557
1DBC5B7057E6EAF; 1553
1DBC5B722FB7B79; 1553
1DBC5B740A53358; 1553
1DBC5B763842E61; 1553
1DBC5B77FD71A53; 1553
1DBC5B798D8B010; 1553
1DBC5B7A8D6697E; 1553
1DBC5B7B5D60FD6; 1553
1DBC5B7D3EB3211; 1553
1DBC5B7E89F0E37; 1553
1DBC5B7E9E86A03; 1553
1DBC5B80892BEBC; 1553
1DBC5B823B935FB; 1553
1DBC5B842FC8795; 1553
1DBC5B87A05DD2F; 1540
1DBC5B89782E9F9; 1540
1DBC5B8B52CA1D8; 1540
1DBC5B8D80B9CE1; 1540
1DBC5B8F45E88D3; 1540
1DBC5B90D601E90; 1540
1DBC5B91D5DD7FE; 1540
1DBC5B92A5D7E56; 1540
1DBC5B94872A091; 1540
1DBC5B95D267CB7; 1540
1DBC5B95E6FD883; 1540
1DBC5B97D1A2D3C; 1540
1DBC5B99840A47B; 1540
1DBC5B9B783F615; 1540
1DBC5B9DAF24913; 1540
1DBC5B9E4B38B79; 1501
1DBC5B9E56444E3; 1501
1DBC5BA025D4358; 1501
1DBC5BA253C3E61; 1501
1DBC5BA418F2A53; 1501
1DBC5BA5A90C010; 1501
1DBC5BA6A8E797E; 1501
1DBC5BA778E1FD6; 1501
1DBC5BA95A34211; 1501
1DBC5BAAA571E37; 1501
1DBC5BAABA07A03; 1501
1DBC5BABE33D1D1; 1490
1DBC5BACA4ACEBC; 1501
1DBC5BADC5E8BC9; 1490
1DBC5BAE57145FB; 1501
1DBC5BB04B49795; 1501
1DBC5BB09D4B253; 1490
1DBC5BB22D64810; 1490
1DBC5BB2822EA93; 1501
1DBC5BB3FD3A7D6; 1490
1DBC5BB47632196; 1501
1DBC5BB5B79A6D8; 1476
1DBC5BB5DE8CA11; 1490
1DBC5BB729CA637; 1490
1DBC5BB73E60203; 1490
1DBC5BB7E58A1E1; 1476
1DBC5BB929056BC; 1490
1DBC5BB9AAB8DD3; 1476
1DBC5BBADB6CDFB; 1490
1DBC5BBB3AD2390; 1476
1DBC5BBCCFA1F95; 1490
1DBC5BBD0AA8356; 1476
1DBC5BBEEBFA591; 1476
1DBC5BBF0687293; 1490
1DBC5BC037381B7; 1476
1DBC5BC04BCDD83; 1476
1DBC5BC0FA8A996; 1490
1DBC5BC2367323C; 1476
1DBC5BC3016178B; 1490
1DBC5BC3449C249; 1465
1DBC5BC3E8DA97B; 1476
1DBC5BC5DD0FB15; 1476
1DBC5BC61BFE8D3; 1465
1DBC5BC7AC17E90; 1465
1DBC5BC813F4E13; 1476
1DBC5BC97BEDE56; 1465
1DBC5BCA07F8516; 1476
1DBC5BCB5D40091; 1465
1DBC5BCC0ECF30B; 1476
1DBC5BCCA87DCB7; 1465
1DBC5BCCBD13883; 1465
1DBC5BCEA7B8D3C; 1465
1DBC5BD05A2047B; 1465
1DBC5BD0D19EE61; 1465
1DBC5BD24E55615; 1465
1DBC5BD296CDA53; 1465
1DBC5BD426E7010; 1465
1DBC5BD4853A913; 1465
1DBC5BD5F6BCFD6; 1465
1DBC5BD6793E016; 1465
1DBC5BD7D80F211; 1465
1DBC5BD88014E0B; 1465
1DBC5BD9234CE37; 1465
1DBC5BD937E2A03; 1465
1DBC5BDB2287EBC; 1465
1DBC5BDCD4EF5FB; 1465
1DBC5BDEC924795; 1465
1DBC5BE10009A93; 1465
1DBC5BE2F40D196; 1465
1DBC5BE4FAE3F8B; 1465
1DBC5BE671E32D3; 1441
1DBC5BE801FC890; 1441
1DBC5BE9D1D2856; 1441
1DBC5BEBB324A91; 1441
1DBC5BECFE626B7; 1441
1DBC5BEEFD9D73C; 1441
1DBC5BF0B004E7B; 1441
1DBC5BF2A43A015; 1441
1DBC5BF4DB1F313; 1441
1DBC5BF6CF22A16; 1441
1DBC5BF8CF0EC10; 1413
1DBC5BF8D5F980B; 1441
1DBC5BFA9EE4BD6; 1413
1DBC5BFC8036E11; 1413
1DBC5BFDCB74A37; 1413
1DBC5BFFCAAFABC; 1413
1DBC5C017D171FB; 1413
1DBC5C03714C395; 1413
1DBC5C03CAC337E; 1405
1DBC5C05A831693; 1413
1DBC5C067C0FC11; 1405
1DBC5C079C34D96; 1413
1DBC5C07C74D837; 1405
1DBC5C09A30BB8B; 1413
1DBC5C09C6888BC; 1405
1DBC5C0B78EFFFB; 1405
1DBC5C0D6D25195; 1405
1DBC5C0F55529D6; 1420
1DBC5C0FA40A493; 1405
1DBC5C1136A4C11; 1420
1DBC5C11980DB96; 1405
1DBC5C1281E2837; 1420
1DBC5C139EE498B; 1405
1DBC5C14811D8BC; 1420
1DBC5C163384FFB; 1420
1DBC5C1827BA195; 1420
1DBC5C1A5E9F493; 1420
1DBC5C1C52A2B96; 1420
1DBC5C1E597998B; 1420
1DBC5C2655FA191; 1435
1DBC5C27A137DB7; 1435
1DBC5C29A072E3C; 1435
1DBC5C2B52DA57B; 1435
1DBC5C2D470F715; 1435
1DBC5C2F7DF4A13; 1435
1DBC5C3171F8116; 1435
1DBC5C3378CEF0B; 1435
1DBC5C369173C37; 1430
1DBC5C36A609803; 1430
1DBC5C3890AECBC; 1430
1DBC5C3A43163FB; 1430
1DBC5C3C374B595; 1430
1DBC5C3E6E30893; 1430
1DBC5C406233F96; 1430
1DBC5C42690AD8B; 1430
1DBC5C4414FEC4D; 1435
1DBC5C4E52240BC; 1416
1DBC5C50048B7FB; 1416
1DBC5C51F8C0995; 1416
1DBC5C53053AACD; 1430
1DBC5C542FA5C93; 1416
1DBC5C54F000122; 1430
1DBC5C5623A9396; 1416
1DBC5C582A8018B; 1416
1DBC5C63470A87B; 1419
1DBC5C653B3FA15; 1419
1DBC5C677224D13; 1419
1DBC5C68C6AFECD; 1416
1DBC5C696628416; 1419
1DBC5C6AB175522; 1416
1DBC5C6B6CFF20B; 1419
1DBC5C6CA5CE0AD; 1416
1DBC5C7AF32B795; 1416
1DBC5C7C092EF4D; 1419
1DBC5C7D2A10A93; 1416
1DBC5C7DF3F45A2; 1419
1DBC5C7F1E14196; 1416
1DBC5C7FE84D12D; 1419
1DBC5C8124EAF8B; 1416
1DBC5C81E5DDD26; 1419
1DBC5C91C11ACCD; 1416
1DBC5C93ABE0322; 1416
1DBC5C9468FE293; 1410
1DBC5C95A038EAD; 1416
1DBC5C965D01996; 1410
1DBC5C979DC9AA6; 1416
1DBC5C9863D878B; 1410
1DBC5C999B7CA10; 1416
1DBC5CA900084CD; 1410
1DBC5CAAEACDB22; 1410
1DBC5CACD3A9916; 1416
1DBC5CACDF266AD; 1410
1DBC5CAEDA8070B; 1416
1DBC5CAEDCB72A6; 1410
1DBC5CB0DA6A210; 1410
1DBC5CB2EACB8B3; 1410
1DBC5CBF76B044D; 1416
1DBC5CC16175AA2; 1416
1DBC5CC355CE62D; 1416
1DBC5CC5535F226; 1416
1DBC5CC62C80C0B; 1415
1DBC5CC75112190; 1416
1DBC5CC96173833; 1416
1DBC5CCB7B64A4B; 1416
1DBC5CD6C8B094D; 1415
1DBC5CD8B375FA2; 1415
1DBC5CDAA7CEB2D; 1415
1DBC5CDCA55F726; 1415
1DBC5CDEA312690; 1415
1DBC5CE0B373D33; 1415
1DBC5CE2CD64F4B; 1415
1DBC5CE4DDC46C8; 1415
1DBC5CEE11277CD; 1413
1DBC5CEFFBECE22; 1413
1DBC5CF1F0459AD; 1413
1DBC5CF3EDD65A6; 1413
1DBC5CF5EB89510; 1413
1DBC5CF7FBEABB3; 1413
1DBC5CFA15DBDCB; 1413
1DBC5CFC263B548; 1413
1DBC5CFE402DE32; 1413
1DBC5D055014FCD; 1415
1DBC5D073ADA622; 1415
1DBC5D092F331AD; 1415
1DBC5D0B2CC3DA6; 1415
1DBC5D0D2A76D10; 1415
1DBC5D0F3AD83B3; 1415
1DBC5D1154C95CB; 1415
1DBC5D136528D48; 1415
1DBC5D157F1B632; 1415
1DBC5D178F9BD93; 1415
1DBC5D1C8F027CD; 1408
1DBC5D1E79C7E22; 1408
1DBC5D206E209AD; 1408
1DBC5D226BB15A6; 1408
1DBC5D246964510; 1408
1DBC5D2679C5BB3; 1408
1DBC5D2893B6DCB; 1408
1DBC5D2AA416548; 1408
1DBC5D2CBE08E32; 1408
1DBC5D2ECE89593; 1408
1DBC5D30A67BC29; 1408
1DBC5D33D77964D; 1415
1DBC5D35C23ECA2; 1415
1DBC5D37B69782D; 1415
1DBC5D39B428426; 1415
1DBC5D3BB1DB390; 1415
1DBC5D3DC23CA33; 1415
1DBC5D3FDC2DC4B; 1415
1DBC5D41EC8D3C8; 1415
1DBC5D44067FCB2; 1415
1DBC5D461700413; 1415
1DBC5D47EEF2AA9; 1415
1DBC5D49FF5431C; 1415
1DBC5D4B1666E4D; 1412
1DBC5D4D012C4A2; 1412
1DBC5D4EF58502D; 1412
1DBC5D50F315C26; 1412
1DBC5D52F0C8B90; 1412
1DBC5D55012A233; 1412
1DBC5D571B1B44B; 1412
1DBC5D592B7ABC8; 1412
1DBC5D5B456D4B2; 1412
1DBC5D5D55EDC13; 1412
1DBC5D5F2DE02A9; 1412
1DBC5D613E41B1C; 1412
1DBC5D62555464D; 1426
1DBC5D62B844492; 1412
1DBC5D644019CA2; 1426
1DBC5D66347282D; 1426
1DBC5D683203426; 1426
1DBC5D6A2FB6390; 1426
1DBC5D6C4017A33; 1426
1DBC5D6E5A08C4B; 1426
1DBC5D706A683C8; 1426
1DBC5D72845ACB2; 1426
1DBC5D7494DB413; 1426
1DBC5D766CCDAA9; 1426
1DBC5D786314E4D; 1416
1DBC5D787D2F31C; 1426
1DBC5D79F731C92; 1426
1DBC5D7A4DDA4A2; 1416
1DBC5D7A98A2B21; 1426
1DBC5D7C423302D; 1416
1DBC5D7E3FC3C26; 1416
1DBC5D803D76B90; 1416
1DBC5D824DD8233; 1416
1DBC5D8467C944B; 1416
1DBC5D867828BC8; 1416
1DBC5D88921B4B2; 1416
1DBC5D8AA29BC13; 1416
1DBC5D8C7A8E2A9; 1416
1DBC5D8E8AEFB1C; 1416
1DBC5D8FA20264D; 1412
1DBC5D9004F2492; 1416
1DBC5D90A663321; 1416
1DBC5D90BA8AA7E; 1416
1DBC5D918CC7CA2; 1412
1DBC5D93812082D; 1412
1DBC5D957EB1426; 1412
1DBC5D977C64390; 1412
1DBC5D998CC5A33; 1412
1DBC5D9BA6B6C4B; 1412
1DBC5D9DB7163C8; 1412
1DBC5D9FD108CB2; 1412
1DBC5DA1E189413; 1412
1DBC5DA3B97BAA9; 1412
1DBC5DA5C9DD31C; 1412
1DBC5DA6F868622; 1402
1DBC5DA743DFC92; 1412
1DBC5DA7E550B21; 1412
1DBC5DA7F97827E; 1412
1DBC5DA8ECC11AD; 1402
1DBC5DA9D16C111; 1412
1DBC5DAAEA51DA6; 1402
1DBC5DACE804D10; 1402
1DBC5DAEF8663B3; 1402
1DBC5DB112575CB; 1402
1DBC5DB322B6D48; 1402
1DBC5DB53CA9632; 1402
1DBC5DB74D29D93; 1402
1DBC5DB9251C429; 1402
1DBC5DBB357DC9C; 1402
1DBC5DBCAF80612; 1402
1DBC5DBD50F14A1; 1402
1DBC5DBD6518BFE; 1402
1DBC5DBE4ED84AD; 1403
1DBC5DBF3D0CA91; 1402
1DBC5DC04C690A6; 1403
1DBC5DC0B6EFED7; 1402
1DBC5DC0C255CE9; 1402
1DBC5DC24A1C010; 1403
1DBC5DC45A7D6B3; 1403
1DBC5DC6746E8CB; 1403
1DBC5DC884CE048; 1403
1DBC5DCA9EC0932; 1403
1DBC5DCCAF41093; 1403
1DBC5DCE8733729; 1403
1DBC5DD09794F9C; 1403
1DBC5DD21197912; 1403
1DBC5DD2B3087A1; 1403
1DBC5DD2C72FEFE; 1403
1DBC5DD49F23D91; 1403
1DBC5DD619071D7; 1403
1DBC5DD6246CFE9; 1403
1DBC5DD6A674CA6; 1392
1DBC5DD7E9AB55B; 1403
1DBC5DD8A427C10; 1392
1DBC5DDAB4892B3; 1392
1DBC5DDCCE7A4CB; 1392
1DBC5DDEDED9C48; 1392
1DBC5DE0F8CC532; 1392
1DBC5DE3094CC93; 1392
1DBC5DE4E13F329; 1392
1DBC5DE6F1A0B9C; 1392
1DBC5DE86BA3512; 1392
1DBC5DE90D143A1; 1392
1DBC5DE9213BAFE; 1392
1DBC5DEAF92F991; 1392
1DBC5DEC7312DD7; 1392
1DBC5DEC7E78BE9; 1392
1DBC5DEE43B715B; 1392
1DBC5DEEA85ED90; 1399
1DBC5DEFA161E76; 1392
1DBC5DF0B8C0433; 1399
1DBC5DF2D2B164B; 1399
1DBC5DF4E310DC8; 1399
1DBC5DF6FD036B2; 1399
1DBC5DF90D83E13; 1399
1DBC5DFAE5764A9; 1399
1DBC5DFCF5D7D1C; 1399
1DBC5DFE6FDA692; 1399
1DBC5DFF114B521; 1399
1DBC5DFF2572C7E; 1399
1DBC5E00FD66B11; 1399
1DBC5E027749F57; 1399
1DBC5E0282AFD69; 1399
1DBC5E0447EE2DB; 1399
1DBC5E05A598FF6; 1399
1DBC5E0732547C1; 1399
1DBC5E0801372B3; 1398
1DBC5E0A1B284CB; 1398
1DBC5E0C2B87C48; 1398
1DBC5E0E457A532; 1398
1DBC5E1055FAC93; 1398
1DBC5E122DED329; 1398
1DBC5E143E4EB9C; 1398
1DBC5E15B851512; 1398
1DBC5E1659C23A1; 1398
1DBC5E166DE9AFE; 1398
1DBC5E1845DD991; 1398
1DBC5E19BFC0DD7; 1398
1DBC5E19CB26BE9; 1398
1DBC5E1B906515B; 1398
1DBC5E1CEE0FE76; 1398
1DBC5E1E7ACB641; 1398
1DBC5E208BDE63E; 1398
1DBC5E215A15CCB; 1395
1DBC5E236A75448; 1395
1DBC5E258467D32; 1395
1DBC5E2794E8493; 1395
1DBC5E296CDAB29; 1395
1DBC5E2B7D3C39C; 1395
1DBC5E2CF73ED12; 1395
1DBC5E2D98AFBA1; 1395
1DBC5E2DACD72FE; 1395
1DBC5E2F84CB191; 1395
1DBC5E30FEAE5D7; 1395
1DBC5E310A143E9; 1395
1DBC5E32CF5295B; 1395
1DBC5E342CFD676; 1395
1DBC5E35B9B8E41; 1395
1DBC5E37CACBE3E; 1395
1DBC5E39E4CB081; 1395
1DBC5E3AB2EC2C8; 1398
1DBC5E3CCCDEBB2; 1398
1DBC5E3EDD5F313; 1398
1DBC5E40B5519A9; 1398
1DBC5E42C5B321C; 1398
1DBC5E443FB5B92; 1398
1DBC5E44E126A21; 1398
1DBC5E44F54E17E; 1398
1DBC5E46CD42011; 1398
1DBC5E484725457; 1398
1DBC5E48528B269; 1398
1DBC5E4A17C97DB; 1398
1DBC5E4B75744F6; 1398
1DBC5E4D022FCC1; 1398
1DBC5E4F1342CBE; 1398
1DBC5E512D41F01; 1398
1DBC5E540BCC3B2; 1388
1DBC5E561C4CB13; 1388
1DBC5E57F43F1A9; 1388
1DBC5E5A04A0A1C; 1388
1DBC5E5B7EA3392; 1388
1DBC5E5E0C2F811; 1388
1DBC5E5F8612C57; 1388
1DBC5E5F9178A69; 1388
1DBC5E6156B6FDB; 1388
1DBC5E62B461CF6; 1388
1DBC5E64411D4C1; 1388
1DBC5E6652304BE; 1388
1DBC5E686C2F701; 1388
1DBC5E6D0EEEF13; 1381
1DBC5E6EE6E15A9; 1381
1DBC5E70F742E1C; 1381
1DBC5E727145792; 1381
1DBC5E74FED1C11; 1381
1DBC5E7678B5057; 1381
1DBC5E76841AE69; 1381
1DBC5E7849593DB; 1381
1DBC5E79A7040F6; 1381
1DBC5E7B33BF8C1; 1381
1DBC5E7D44D28BE; 1381
1DBC5E7F5ED1B01; 1381
1DBC5E83B9EB729; 1389
1DBC5E85CA4CF9C; 1389
1DBC5E87444F912; 1389
1DBC5E89D1DBD91; 1389
1DBC5E8B4BBF1D7; 1389
1DBC5E8D1C6355B; 1389
1DBC5E8E7A0E276; 1389
1DBC5E9006C9A41; 1389
1DBC5E9217DCA3E; 1389
1DBC5E9431DBC81; 1389
1DBC5E9D12C3E1C; 1417
1DBC5E9E8CC6792; 1417
1DBC5EA11A52C11; 1417
1DBC5EA29436057; 1417
1DBC5EA464DA3DB; 1417
1DBC5EA5C2850F6; 1417
1DBC5EA74F408C1; 1417
1DBC5EA960538BE; 1417
1DBC5EAB7A52B01; 1417
1DBC5EAEAE2F612; 1455
1DBC5EB13BBBA91; 1455
1DBC5EB2B59EED7; 1455
1DBC5EB4864325B; 1455
1DBC5EB5E3EDF76; 1455
1DBC5EB68037B21; 1483
1DBC5EB770A9741; 1455
1DBC5EB7EBB1C7E; 1458
1DBC5EB981BC73E; 1455
1DBC5EB9C3A5B11; 1458
1DBC5EBB3D88F57; 1458
1DBC5EBB9BBB981; 1455
1DBC5EBD0E2D2DB; 1458
1DBC5EBE6BD7FF6; 1458
1DBC5EBEA140DC1; 1483
1DBC5EBFF8937C1; 1458
1DBC5EC0B253DBE; 1483
1DBC5EC209A67BE; 1458
1DBC5EC2CC53001; 1483
1DBC5EC423A5A01; 1458
1DBC5ECE96AFC91; 1466
1DBC5ED010930D7; 1466
1DBC5ED1E13745B; 1466
1DBC5ED33EE2176; 1466
1DBC5ED4CB9D941; 1466
1DBC5ED6DCB093E; 1466
1DBC5ED8F6AFB81; 1466
1DBC5EE087D09D7; 1476
1DBC5EE093367E9; 1476
1DBC5EE25874D5B; 1476
1DBC5EE3B61FA76; 1476
1DBC5EE542DB241; 1476
1DBC5EE753EE23E; 1476
1DBC5EE96DED481; 1476
1DBC5EF5E73F1DB; 1498
1DBC5EF744E9EF6; 1498
1DBC5EF8D1A56C1; 1498
1DBC5EFAE2B86BE; 1498
1DBC5EFCFCB7901; 1498
1DBC5F068171176; 1500
1DBC5F080E2C941; 1500
1DBC5F0A1F3F93E; 1500
1DBC5F0C393EB81; 1500
1DBC5F1973D54C1; 1500
1DBC5F1B84E84BE; 1500
1DBC5F1D9EE7701; 1500
1DBC5F32CD5F33E; 1504
1DBC5F34E75E581; 1504
1DBC5F4C264BD81; 1492
1DBC5FE14402ED4; 1469
1DBC5FF3E4620D4; 1475
1DBC5FF5CF252DB; 1475
1DBC6009F2228D4; 1469
1DBC600BDCE5ADB; 1469
1DBC600DED3C591; 1469
1DBC602131100D4; 1479
1DBC60231BD32DB; 1479
1DBC60252C29D91; 1479
1DBC60273C7F7B8; 1479
1DBC60388C99C54; 1472
1DBC603A775CE5B; 1472
1DBC603C87B3911; 1472
1DBC603E9809338; 1472
1DBC6040B1F2771; 1472
1DBC604FD510AD4; 1472
1DBC6051BFD3CDB; 1472
1DBC6053D02A791; 1472
1DBC6055E0801B8; 1472
1DBC6057FA695F1; 1472
1DBC605A0AC8416; 1472
1DBC6066D13C554; 1477
1DBC6068BBFF75B; 1477
1DBC606ACC56211; 1477
1DBC606CDCABC38; 1477
1DBC606EF695071; 1477
1DBC607106F3E96; 1477
1DBC60730DF6E25; 1477
1DBC607E233CA54; 1483
1DBC60800DFFC5B; 1483
1DBC60821E56711; 1483
1DBC60842EAC138; 1483
1DBC60864895571; 1483
1DBC608858F4396; 1483
1DBC608A5FF7325; 1483
1DBC608C8CE574D; 1483
1DBC608C97E9F15; 1483
1DBC6094014E1D4; 1476
1DBC6095EC113DB; 1476
1DBC6097FC67E91; 1476
1DBC609A0CBD8B8; 1476
1DBC609C26A6CF1; 1476
1DBC609E3705B16; 1476
1DBC60A03E08AA5; 1476
1DBC60A26AF6ECD; 1476
1DBC60A275FB695; 1476
1DBC60A4604B0E4; 1476
1DBC60AB49C5054; 1483
1DBC60AD348825B; 1483
1DBC60AF44DED11; 1483
1DBC60B15534738; 1483
1DBC60B36F1DB71; 1483
1DBC60B57F7C996; 1483
1DBC60B7867F925; 1483
1DBC60B9B36DD4D; 1483
1DBC60B9BE72515; 1483
1DBC60BBA8C1F64; 1483
1DBC60BDB917CD9; 1483
1DBC60C2C1EAF54; 1485
1DBC60C4ACAE15B; 1485
1DBC60C6BD04C11; 1485
1DBC60C8CD5A638; 1485
1DBC60CAE743A71; 1485
1DBC60CCF7A2896; 1485
1DBC60CEFEA5825; 1485
1DBC60D12B93C4D; 1485
1DBC60D13698415; 1485
1DBC60D320E7E64; 1485
1DBC60D5313DBD9; 1485
1DBC60D95EB88D4; 1490
1DBC60DB497BADB; 1490
1DBC60DD59D2591; 1490
1DBC60DF6A27FB8; 1490
1DBC60E184113F1; 1490
1DBC60E39470216; 1490
1DBC60E59B731A5; 1490
1DBC60E7C8615CD; 1490
1DBC60E7D365D95; 1490
1DBC60E9BDB57E4; 1490
1DBC60EBCE0B559; 1490
1DBC60F0515ACD4; 1491
1DBC60F23C1DEDB; 1491
1DBC60F44C74991; 1491
1DBC60F65CCA3B8; 1491
1DBC60F876B37F1; 1491
1DBC60FA8712616; 1491
1DBC60FC8E155A5; 1491
1DBC60FEBB039CD; 1491
1DBC60FEC608195; 1491
1DBC6100B057BE4; 1491
1DBC6102C0AD959; 1491
1DBC610799D1B54; 1494
1DBC61098494D5B; 1494
1DBC610B94EB811; 1494
1DBC610DA541238; 1494
1DBC610FBF2A671; 1494
1DBC6111CF89496; 1494
1DBC6113D68C425; 1494
1DBC6116037A84D; 1494
1DBC61160E7F015; 1494
1DBC6117F8CEA64; 1494
1DBC611A09247D9; 1494
1DBC611ED8BF354; 1501
1DBC6120C38255B; 1501
1DBC6122D3D9011; 1501
1DBC6124E42EA38; 1501
1DBC6126FE17E71; 1501
1DBC61290E76C96; 1501
1DBC612B1579C25; 1501
1DBC612D426804D; 1501
1DBC612D4D6C815; 1501
1DBC612F37BC264; 1501
1DBC61314811FD9; 1501
1DBC613529418D4; 1508
1DBC61371404ADB; 1508
1DBC6139245B591; 1508
1DBC613B34B0FB8; 1508
1DBC613D4E9A3F1; 1508
1DBC613F5EF9216; 1508
1DBC614165FC1A5; 1508
1DBC614392EA5CD; 1508
1DBC61439DEED95; 1508
1DBC6145883E7E4; 1508
1DBC61479894559; 1508
1DBC614C7FA545B; 1502
1DBC614E8FFBF11; 1502
1DBC6150A051938; 1502
1DBC6152BA3AD71; 1502
1DBC6154CA99B96; 1502
1DBC6156D19CB25; 1502
1DBC6158FE8AF4D; 1502
1DBC6159098F715; 1502
1DBC615AF3DF164; 1502
1DBC615D0434ED9; 1502
1DBC6165D872D91; 1508
1DBC6167E8C87B8; 1508
1DBC616A02B1BF1; 1508
1DBC616C1310A16; 1508
1DBC616E1A139A5; 1508
1DBC61704701DCD; 1508
1DBC61705206595; 1508
1DBC61723C55FE4; 1508
1DBC61744CABD59; 1508
1DBC617F313F638; 1502
1DBC61814B28A71; 1502
1DBC61835B87896; 1502
1DBC6185628A825; 1502
1DBC61878F78C4D; 1502
1DBC618984CCE64; 1502
1DBC618B9522BD9; 1502
1DBC61988A16271; 1505
1DBC619A9A75096; 1505
1DBC619CA178025; 1505
1DBC619ECE6644D; 1505
1DBC61A0C3BA664; 1505
1DBC61A2D4103D9; 1505
1DBC61B1E2EBF16; 1511
1DBC61B3E9EEEA5; 1511
1DBC61B616DD2CD; 1511
1DBC61B80C314E4; 1511
1DBC61BA1C87259; 1511
1DBC61CA9045EA5; 1502
1DBC61CCBD342CD; 1502
1DBC61CEB2884E4; 1502
1DBC61D0C2DE259; 1502
1DBC61E3FC21ACD; 1505
1DBC61E40726295; 1505
1DBC61E5F175CE4; 1505
1DBC61E801CBA59; 1505
1DBC61FD0A3DAE4; 1506
1DBC61FF1A93859; 1506
1DBC6216630A6D9; 1508
1DBC66D08D033AE; 1494
1DBC66E7CBF0BAE; 1493
1DBC66E9E5BDE6E; 1493
1DBC66FF0154D2E; 1490
1DBC67011B21FEE; 1490
1DBC67030F44AC2; 1490
1DBC671636B8EAE; 1494
1DBC6718508616E; 1494
1DBC671A44A8C42; 1494
1DBC671BD12D1C1; 1494
1DBC672D6C1D02E; 1493
1DBC672F85EA2EE; 1493
1DBC67317A0CDC2; 1493
1DBC67330691341; 1493
1DBC67350D6C99A; 1493
1DBC6744AB0A82E; 1502
1DBC6746C4D7AEE; 1502
1DBC6748B8FA5C2; 1502
1DBC674A457EB41; 1502
1DBC674C4C5A19A; 1502
1DBC674E1B7B391; 1502
1DBC675BE06E9AE; 1492
1DBC675DFA3BC6E; 1492
1DBC675FEE5E742; 1492
1DBC67617AE2CC1; 1492
1DBC676381BE31A; 1492
1DBC676550DF511; 1492
1DBC67674E7CD12; 1492
1DBC677315D2B2E; 1492
1DBC67752F9FDEE; 1492
1DBC677723C28C2; 1492
1DBC6778B046E41; 1492
1DBC677AB72249A; 1492
1DBC677C8643691; 1492
1DBC677E83E0E92; 1492
1DBC67809DD4B8E; 1492
1DBC6780A8D6929; 1492
1DBC678A4B36CAE; 1507
1DBC678C6503F6E; 1507
1DBC678E5926A42; 1507
1DBC678FE5AAFC1; 1507
1DBC6791EC8661A; 1507
1DBC6793BBA7811; 1507
1DBC6795B945012; 1507
1DBC6797D338D0E; 1507
1DBC6797DE3AAA9; 1507
1DBC6799D1F4B17; 1507
1DBC67A18A244AE; 1523
1DBC67A3A3F176E; 1523
1DBC67A59814242; 1523
1DBC67A724987C1; 1523
1DBC67A92B73E1A; 1523
1DBC67AAFA95011; 1523
1DBC67ACF832812; 1523
1DBC67AF122650E; 1523
1DBC67AF1D282A9; 1523
1DBC67B110E2317; 1523
1DBC67B32AC1DFA; 1523
1DBC67B8BF8862E; 1515
1DBC67BAD9558EE; 1515
1DBC67BCCD783C2; 1515
1DBC67BE59FC941; 1515
1DBC67C060D7F9A; 1515
1DBC67C22FF9191; 1515
1DBC67C42D96992; 1515
1DBC67C6478A68E; 1515
1DBC67C6528C429; 1515
1DBC67C84646497; 1515
1DBC67CA6025F7A; 1515
1DBC67CC707A7EC; 1515
1DBC67CFF4EC7AE; 1522
1DBC67D20EB9A6E; 1522
1DBC67D402DC542; 1522
1DBC67D58F60AC1; 1522
1DBC67D7963C11A; 1522
1DBC67D9655D311; 1522
1DBC67DB62FAB12; 1522
1DBC67DD7CEE80E; 1522
1DBC67DD87F05A9; 1522
1DBC67DF7BAA617; 1522
1DBC67E1958A0FA; 1522
1DBC67E3A5DE96C; 1522
1DBC67E5BFBD65E; 1522
1DBC67E72A5092E; 1515
1DBC67E9441DBEE; 1515
1DBC67EB38406C2; 1515
1DBC67ECC4C4C41; 1515
1DBC67EECBA029A; 1515
1DBC67F09AC1491; 1515
1DBC67F2985EC92; 1515
1DBC67F4B25298E; 1515
1DBC67F4BD54729; 1515
1DBC67F6B10E797; 1515
1DBC67F8CAEE27A; 1515
1DBC67FADB42AEC; 1515
1DBC67FCF5217DE; 1515
1DBC67FE5FB4AAE; 1521
1DBC67FF0F00A03; 1515
1DBC68007981D6E; 1521
1DBC68026DA4842; 1521
1DBC6803FA28DC1; 1521
1DBC6806010441A; 1521
1DBC6807D025611; 1521
1DBC6809CDC2E12; 1521
1DBC680BE7B6B0E; 1521
1DBC680BF2B88A9; 1521
1DBC680DE672917; 1521
1DBC681000523FA; 1521
1DBC681210A6C6C; 1521
1DBC68142A8595E; 1521
1DBC68159EA22AE; 1510
1DBC68164464B83; 1521
1DBC6817B86F56E; 1510
1DBC68181C7AF7F; 1521
1DBC6819AC92042; 1510
1DBC681B39165C1; 1510
1DBC681D3FF1C1A; 1510
1DBC681F0F12E11; 1510
1DBC68210CB0612; 1510
1DBC682326A430E; 1510
1DBC682331A60A9; 1510
1DBC68252560117; 1510
1DBC68273F3FBFA; 1510
1DBC68294F9446C; 1510
1DBC682B697315E; 1510
1DBC682CD40642E; 1515
1DBC682D8352383; 1510
1DBC682EEDD36EE; 1515
1DBC682F5B6877F; 1510
1DBC6830E1F61C2; 1515
1DBC68316310177; 1510
1DBC68326E7A741; 1515
1DBC68347555D9A; 1515
1DBC68364476F91; 1515
1DBC68384214792; 1515
1DBC683A5C0848E; 1515
1DBC683A670A229; 1515
1DBC683C5AC4297; 1515
1DBC683E74A3D7A; 1515
1DBC684084F85EC; 1515
1DBC68429ED72DE; 1515
1DBC6844B8B6503; 1515
1DBC68462CC0EEE; 1523
1DBC684690CC8FF; 1515
1DBC684820E39C2; 1523
1DBC684898742F7; 1515
1DBC6849AD67F41; 1523
1DBC684BB44359A; 1523
1DBC684D8364791; 1523
1DBC684F8101F92; 1523
1DBC68519AF5C8E; 1523
1DBC6851A5F7A29; 1523
1DBC685399B1A97; 1523
1DBC6855B39157A; 1523
1DBC6857C3E5DEC; 1523
1DBC6859DDC4ADE; 1523
1DBC685BF7A3D03; 1523
1DBC685DCFBA0FF; 1523
1DBC685DD8CF742; 1544
1DBC685F6553CC1; 1544
1DBC685FD761AF7; 1523
1DBC68616C2F31A; 1544
1DBC68633B50511; 1544
1DBC686538EDD12; 1544
1DBC686752E1A0E; 1544
1DBC68675DE37A9; 1544
1DBC6869519D817; 1544
1DBC686B6B7D2FA; 1544
1DBC686D7BD1B6C; 1544
1DBC686F95B085E; 1544
1DBC687120D12C1; 1529
1DBC6871AF8FA83; 1544
1DBC687327AC91A; 1529
1DBC687387A5E7F; 1544
1DBC6874F6CDB11; 1529
1DBC68758F4D877; 1544
1DBC6876F46B312; 1529
1DBC68790E5F00E; 1529
1DBC687B0D1AE17; 1529
1DBC687D26FA8FA; 1529
1DBC687F374F16C; 1529
1DBC6881512DE5E; 1529
1DBC68836B0D083; 1529
1DBC6885432347F; 1529
1DBC68874ACAE77; 1529
1DBC688A23D839A; 1528
1DBC688BF2F9591; 1528
1DBC688DF096D92; 1528
1DBC68900A8AA8E; 1528
1DBC68920946897; 1528
1DBC6894232637A; 1528
1DBC6896337ABEC; 1528
1DBC68984D598DE; 1528
1DBC689A6738B03; 1528
1DBC689C3F4EEFF; 1528
1DBC689E46F68F7; 1528
1DBC68A0702EC91; 1519
1DBC68A26DCC492; 1519
1DBC68A487C018E; 1519
1DBC68A6867BF97; 1519
1DBC68A8A05BA7A; 1519
1DBC68AAB0B02EC; 1519
1DBC68ACCA8EFDE; 1519
1DBC68AEE46E203; 1519
1DBC68B0BC845FF; 1519
1DBC68B2C42BFF7; 1519
1DBC68B87203612; 1521
1DBC68BA8BF730E; 1521
1DBC68BC8AB3117; 1521
1DBC68BEA492BFA; 1521
1DBC68C0B4E746C; 1521
1DBC68C2CEC615E; 1521
1DBC68C4E8A5383; 1521
1DBC68C6C0BB77F; 1521
1DBC68C8C863177; 1521
1DBC68D18822D8E; 1519
1DBC68D19324B29; 1519
1DBC68D386DEB97; 1519
1DBC68D5A0BE67A; 1519
1DBC68D7B112EEC; 1519
1DBC68D9CAF1BDE; 1519
1DBC68DBE4D0E03; 1519
1DBC68DDBCE71FF; 1519
1DBC68DFC48EBF7; 1519
1DBC68EAEBF1D97; 1521
1DBC68ED05D187A; 1521
1DBC68EF16260EC; 1521
1DBC68F13004DDE; 1521
1DBC68F349E4003; 1521
1DBC68F521FA3FF; 1521
1DBC68F729A1DF7; 1521
1DBC690444BF07A; 1521
1DBC690655138EC; 1521
1DBC69086EF25DE; 1521
1DBC690A88D1803; 1521
1DBC690C60E7BFF; 1521
1DBC690E688F5F7; 1521
1DBC691D9D8A76C; 1521
1DBC691FB76945E; 1521
1DBC6921D148683; 1521
1DBC6921E8592A8; 1521
1DBC6923A95EA7F; 1521
1DBC6925B106477; 1521
1DBC6936F656C5E; 1521
1DBC69391035E83; 1521
1DBC693930D0128; 1521
1DBC693AE84C27F; 1521
1DBC693AFF909B0; 1521
1DBC693CEFF3C77; 1521
1DBC69504F23683; 1540
1DBC69506FBD928; 1521
1DBC69522739A7F; 1540
1DBC69523E7E1B0; 1521
1DBC69542EE1477; 1540
1DBC695432C6446; 1521
1DBC695447523B5; 1521
1DBC69665823D7F; 1519
1DBC69685FCB777; 1519
1DBC69697D6B9B0; 1540
1DBC696B71B3C46; 1540
1DBC696B863FBB5; 1540
1DBC696D96A72C0; 1540
1DBC697BDF95428; 1519
1DBC697DAE55CB0; 1519
1DBC697FA29DF46; 1519
1DBC697FB1CBC77; 1549
1DBC697FB729EB5; 1519
1DBC6981C7915C0; 1519
1DBC6983D8119BA; 1519
1DBC69933195928; 1549
1DBC699500561B0; 1549
1DBC6996F49E446; 1549
1DBC6997092A3B5; 1549
1DBC69991991AC0; 1549
1DBC699B2A11EBA; 1549
1DBC699CEF413DA; 1549
1DBC69A98217EA8; 1523
1DBC69AB50D8730; 1523
1DBC69AD45209C6; 1523
1DBC69AD59AC935; 1523
1DBC69AF6A14040; 1523
1DBC69B17A9443A; 1523
1DBC69B33FC395A; 1523
1DBC69C0C1056A8; 1543
1DBC69C28FC5F30; 1543
1DBC69C4840E1C6; 1543
1DBC69C4989A135; 1543
1DBC69C6A901840; 1543
1DBC69C8B981C3A; 1543
1DBC69CA7EB115A; 1543
1DBC69D7D043E28; 1543
1DBC69D99F046B0; 1543
1DBC69DB934C946; 1543
1DBC69DBA7D88B5; 1543
1DBC69DDB83FFC0; 1543
1DBC69DFC8C03BA; 1543
1DBC69E18DEF8DA; 1543
1DBC69EBF7A4AA8; 1570
1DBC69EDC665330; 1570
1DBC69EFBAAD5C6; 1570
1DBC69EFCF39535; 1570
1DBC69F1DFA0C40; 1570
1DBC69F3F02103A; 1570
1DBC69F5B55055A; 1570
1DBC69FDFF6D4A8; 1548
1DBC69FFCE2DD30; 1548
1DBC6A01C275FC6; 1548
1DBC6A01D701F35; 1548
1DBC6A03E769640; 1548
1DBC6A05F7E9A3A; 1548
1DBC6A07BD18F5A; 1548
1DBC6A1505225A8; 1552
1DBC6A16D3E2E30; 1552
1DBC6A18C82B0C6; 1552
1DBC6A18DCB7035; 1552
1DBC6A1AED1E740; 1552
1DBC6A1CFD9EB3A; 1552
1DBC6A1EC2CE05A; 1552
1DBC6A28E9C14A8; 1555
1DBC6A2AB881D30; 1555
1DBC6A2CACC9FC6; 1555
1DBC6A2ED1BD640; 1555
1DBC6A30E23DA3A; 1555
1DBC6A32A76CF5A; 1555
1DBC6A3F99A1B28; 1559
1DBC6A4168623B0; 1559
1DBC6A435CAA646; 1559
1DBC6A45819DCC0; 1559
1DBC6A47921E0BA; 1559
1DBC6A49574D5DA; 1559
1DBC6A5649821A8; 1566
1DBC6A581842A30; 1566
1DBC6A5A0C8ACC6; 1566
1DBC6A5C317E340; 1566
1DBC6A5E41FE73A; 1566
1DBC6A60072DC5A; 1566
1DBC6A6C6A556A8; 1580
1DBC6A6E3915F30; 1580
1DBC6A702D5E1C6; 1580
1DBC6A725251840; 1580
1DBC6A7462D1C3A; 1580
1DBC6A76280115A; 1580
1DBC6A81BE56D30; 1556
1DBC6A83B29EFC6; 1556
1DBC6A85D792640; 1556
1DBC6A87E812A3A; 1556
1DBC6A89AD41F5A; 1556
1DBC6A99C05F7C6; 1581
1DBC6A99D4EB735; 1581
1DBC6A9BE552E40; 1581
1DBC6A9DF5D323A; 1581
1DBC6A9FBB0275A; 1581
1DBC6AB33753340; 1562
1DBC6AB547D373A; 1562
1DBC6AB70D02C5A; 1562
1DBC6ACC43FF1BA; 1560
1DBC6ACE092E6DA; 1560
1DBC6AE1EDCD5DA; 1566
1DBCA6F2D36103B; 1381
1DBCA70A08C51BB; 1387
1DBCA7213E2933B; 1401
1DBCA738738D4BB; 1378
1DBCA74FB27ACBB; 1378
1DBCA766E7DEE3B; 1390
1DBCA77E1D42FBB; 1371
1DBCA79552A713B; 1325
1DBCA7AC880B2BB; 1357
1DBCA7B6ECCB83B; 1342
1DBCA7C092CFBBB; 1346
1DBCA7D4C3B9EBB; 1377
1DBCA7DD7B52FBB; 1380
1DBCA7F29AA853B; 1363
1DBCA802C59AA3B; 1367
1DBCA818D35B23B; 1389
