1DAC441D5E197E3; 4191
1DAC4420389E32D; 4186
1DAC44215CC43CF; 4164
1DAC4422780A5A5; 4163
1DAC4425CE57C23; 4164
1DAC442F2CE2040; 4164
1DAC443A5DF83AD; 4167
1DAC4443FDE9E4C; 4168
1DAC444F2EC57D6; 4168
1DAC445A6BAAE03; 4167
1DAC44658B1F637; 4225
1DAC4466A64B7E0; 4201
1DAC4467CAE8537; 4195
1DAC4468E60253B; 4174
1DAC446A0144DCE; 4228
1DAC446B1C4BE0B; 4204
1DAC446C40EEE9D; 4177
1DAC446D5C37AB4; 4198
1DAC446E82A14C0; 4178
1DAC446FA744B3F; 4253
1DAC4470CDC444E; 4202
1DAC4471DF83C09; 4181
1DAC4472FA90D1B; 4174
1DAC44742A912DD; 4210
1DAC447545B4870; 4210
1DAC44807965532; 4192
1DAC44818B09667; 4193
1DAC44849544E82; 4187
1DAC4485B07A6CC; 4187
1DAC44910FD4E54; 4187
1DAC449C10FED5A; 4225
1DAC449D3796B0A; 4197
1DAC449E48F8933; 4224
1DAC449F64441E5; 4224
1DAC44AAA113967; 4227
1DAC44B4420C15F; 4201
1DAC44B55D573DB; 4231
1DAC44B6784B79F; 4232
1DAC44B9D85BD4A; 4204
1DAC44BAFD452A8; 4232
1DAC44BC1842340; 4231
1DAC44BF7810E51; 4204
1DAC44C0B64E479; 4204
1DAC44CBCD3CD04; 4259
1DAC44CCE857086; 4260
1DAC44D03EF531B; 4229
1DAC44D16D629A4; 4235
1DAC44D291B2683; 4230
1DAC44D3B67A92C; 4236
1DAC44D4DAEB4F0; 4208
1DAC44D5FFA5F88; 4208
1DAC44E130BF7CB; 4236
1DAC44E2553E24D; 4216
1DAC44E379B962A; 4215
1DAC44E71C55074; 4246
1DAC44E837B3B77; 4247
1DAC44EB8E0C9F9; 4270
1DAC44ECBC0C9D0; 4253
1DAC44EDE29DDBB; 4223
1DAC44EEF4532BC; 4225
1DAC44F018DEC13; 4280
1DAC44F13D95723; 4250
1DAC44F2622E566; 4283
1DAC44F386DB48B; 4231
1DAC44F4B51D2B1; 4259
1DAC44F5D9B2E38; 4259
1DAC450114001D1; 4236
1DAC45022F69819; 4236
1DAC450D604F4DF; 4266
1DAC450E866260D; 4266
1DAC4519ADB1FF7; 4267
1DAC4524EAE91B7; 4271
1DAC452DA711871; 4322
1DAC452ECBBCD3F; 4241
1DAC452FE6951EE; 4271
1DAC453101D2C43; 4271
1DAC453C32CCA58; 4271
1DAC45476353DF5; 4272
1DAC45528A8DA53; 4239
1DAC4553AF00F1B; 4244
1DAC4554D41FE6D; 4244
1DAC456027BD2B6; 4245
1DAC456B328BF7C; 4276
1DAC456C577BF45; 4275
1DAC457011A9377; 4270
1DAC457119B1082; 4300
1DAC4572499B118; 4248
1DAC457364D3C59; 4276
1DAC457494CA5A9; 4248
1DAC4575A666404; 4249
1DAC4578B153461; 4276
1DAC4579CC72F0F; 4276
1DAC4584F3C715F; 4249
1DAC4586184FE4C; 4249
1DAC45913F9B1A8; 4249
1DAC459C702D4A4; 4280
1DAC459DA031BBE; 4247
1DAC459EC4C3A4D; 4279
1DAC459FE97133D; 4252
1DAC45A10497C24; 4280
1DAC45A229246C1; 4274
1DAC45A34DD45F0; 4280
1DAC45A469249F4; 4280
1DAC45AF99B88A7; 4256
1DAC45B0BE5A54C; 4280
1DAC45B1E4FBD61; 4280
1DAC45BD0BD5C66; 4281
1DAC45C8334247E; 4323
1DAC45C9618DB06; 4293
1DAC45CA861596E; 4272
1DAC45CBA136EDD; 4299
1DAC45CCCF60AA5; 4265
1DAC45CDEA64A8D; 4293
1DAC45CF0F7B90D; 4272
1DAC45D03F10BA8; 4299
1DAC45D1658FE7E; 4299
1DAC45DC831A256; 4353
1DAC45DDB11EDB0; 4299
1DAC45DED677630; 4300
1DAC45E27882C08; 4306
1DAC45E39D40791; 4275
1DAC45E4C1D48C4; 4275
1DAC45EFF2CA7F9; 4352
1DAC45F1175F3C7; 4275
1DAC45F23E05985; 4275
1DAC45FD64CF4B6; 4278
1DAC46071133FE2; 4306
1DAC46082CA2236; 4276
1DAC460947722AE; 4306
1DAC460A63C74D3; 4305
1DAC460DCC01F1D; 4300
1DAC460F0885ED9; 4305
1DAC461010B1ED7; 4272
1DAC46112BB8836; 4327
1DAC4612506DEA1; 4305
1DAC46137536876; 4305
1DAC461EA5614EE; 4306
1DAC4629CD749A0; 4300
1DAC4630CA651FE; 4306
1DAC46349F7C5FA; 4278
1DAC4635BAA2D7A; 4306
1DAC4636E124628; 4273
1DAC4638141E76D; 4305
1DAC46391C3681F; 4275
1DAC463A55CF0BC; 4299
1DAC463B70D758C; 4300
1DAC463EBDD09FD; 4278
1DAC463FF7386C5; 4305
1DAC4641209BDE2; 4278
1DAC46423439805; 4305
1DAC46435123547; 4306
1DAC4646BF427AB; 4272
1DAC4647C7802C7; 4306
1DAC4648EC0C50B; 4279
1DAC464A0798786; 4306
1DAC464B2BD4D16; 4270
1DAC464C46D49B9; 4300
1DAC464D6D630BA; 4306
1DAC464E887DA68; 4306
1DAC4659B0C1355; 4279
1DAC465AD51019E; 4276
1DAC465BF052AF2; 4306
1DAC465D0B5627A; 4306
1DAC46683BDECB3; 4306
1DAC4B69EE06113; 4320
1DAC4B74E675B20; 4346
1DAC4B76018DC7D; 4347
1DAC4B795856121; 4347
1DAC4B84882B314; 4315
1DAC4B85A35EA78; 4390
1DAC4B86C7DBA95; 4389
1DAC4B8A6105C6F; 4315
1DAC4B8B85A0B28; 4364
1DAC4B8CA0BD4B2; 4316
1DAC4B8DBBD5283; 4316
1DAC4B98F6ABC12; 4309
1DAC4B9F183C213; 4314
1DAC4BA3539FFD9; 4311
1DAC4BA899DDE4C; 4308
1DAC4BAF40AAF40; 4310
1DAC4BB8A0B15DA; 4316
1DAC4BBE88F6EE8; 4336
1DAC4BC0162254B; 4312
1DAC4BC1311E0D9; 4312
1DAC4BCC6299CA8; 4304
1DAC4BD1AA9B2C8; 4299
1DAC4BD486132F5; 4326
1DAC4BD5A1229F3; 4298
1DAC4BD6C5BFF1D; 4325
1DAC4BD7E0CD9AF; 4325
1DAC4BE31B7F7CE; 4366
1DAC4BE4369885B; 4284
1DAC4BE551B37FD; 4338
1DAC4BE6765A19F; 4277
1DAC4BE7916627A; 4310
1DAC4BE8BF8F20D; 4310
1DAC4BF3F15B69C; 4307
1DAC4BFD91ED02E; 4272
1DAC4BFF1FA8CE2; 4302
1DAC4C0052401BF; 4287
1DAC4C015A6354F; 4293
1DAC4C0280B75C4; 4299
1DAC4C039272C38; 4301
1DAC4C04B6FBC3C; 4312
1DAC4C05D13D2A0; 4344
1DAC4C06F5BFFD3; 4367
1DAC4C08113D657; 4349
1DAC4C09357B3E4; 4346
1DAC4C0A50AFF52; 4318
1DAC4C0B6BD0F0B; 4369
1DAC4C0C905E49D; 4322
1DAC4C0DAB74DFB; 4352
1DAC4C0ED014E8A; 4358
1DAC4C0FEB2437A; 4352
1DAC4C110656A88; 4352
1DAC4C1C414FB90; 4364
1DAC4C1DF4FDBD1; 4395
1DAC4C1F1050DD8; 4374
1DAC4C20350D24C; 4410
1DAC4C214FC33E3; 4470
1DAC4C227459C23; 4419
1DAC4C238F7D460; 4398
1DAC4C24AAA3F87; 4431
1DAC4C25DAEC112; 4431
1DAC4C310197A6C; 4391
1DAC4C322636A9A; 4415
1DAC4C3341765BC; 4415
1DAC4C3E87F149F; 4424
1DAC4C42D664A5C; 4479
1DAC4C43FABA0FF; 4491
1DAC4C45163B953; 4492
1DAC4C48761C15C; 4512
1DAC4C49999E310; 4519
1DAC4C4AB4BE82B; 4513
1DAC4C4BD9602A7; 4513
1DAC4C5709CF638; 4553
1DAC4C582548D0B; 4521
1DAC4C594BC2A50; 4523
1DAC4C5A66F4829; 4523
1DAC4C659764B89; 4516
1DAC4C6BAE6D95B; 4518
1DAC4C74B6B185D; 4514
1DAC4C7CA13E54F; 4503
1DAC4C7DC5C1736; 4509
1DAC4C7EE0E43C8; 4503
1DAC4C80055DEFD; 4503
1DAC4C8B3630D5C; 4501
1DAC4C95C4A456F; 4500
1DAC4CA1019E6A4; 4493
1DAC4CA7198D2C6; 4548
1DAC4CA834AED6F; 4518
1DAC4CA9594EC5A; 4497
1DAC4CAA7DF46DA; 4498
1DAC4CAE208374E; 4522
1DAC4CAF3BB7DE6; 4502
1DAC4CB06053AD8; 4502
1DAC4CBB912B7B5; 4516
1DAC4CBCAC71BE2; 4510
1DAC4CBDD0E5A60; 4522
1DAC4CBEEC1D538; 4514
1DAC4CC0108FEFE; 4517
1DAC4CC12BE5591; 4514
1DAC4CC250653B1; 4515
1DAC4CC5F2F6D54; 4529
1DAC4CC7199FFA1; 4520
1DAC4CC82B5D455; 4526
1DAC4CC94FB9DA2; 4526
1DAC4CDFA848C62; 4592
1DAC4CE0CCD673D; 4592
1DAC4CEBF4530B0; 4645
1DAC4CED2454839; 4681
1DAC4CEE35CF842; 4663
1DAC4CEF5A92632; 4665
1DAC4CF075DD9F6; 4660
1DAC4CF19A24171; 4666
1DAC4CF2B478F73; 4668
1DAC4CF3D9154D6; 4671
1DAC4CF4F44502E; 4678
1DAC4CF618E9134; 4674
1DAC4CF73457107; 4669
1DAC4CF85A72F6C; 4668
1DAC4CFBFD30084; 4683
1DAC4CFD218A77B; 4689
1DAC4CFE484D95B; 4701
1DAC4CFF5A024D5; 4710
1DAC4D0089C2AF5; 4716
1DAC4D01A6DE228; 4728
1DAC4D02B88FF90; 4744
1DAC4D03DCFD8F4; 4759
1DAC4D04F836C0E; 4788
1DAC4D061D4E7FB; 4770
1DAC4D0738D17CA; 4782
1DAC4D085C977B2; 4797
1DAC4D0977B61B7; 4840
1DAC4D0A9C44546; 4816
1DAC4D0BB792322; 4828
1DAC4D0CDC02260; 4830
1DAC4D0DF71A483; 4830
1DAC4D1927CE511; 4861
1DAC4D1A4C5B118; 4867
1DAC4D1B6791D26; 4873
1DAC4D1C8C2B306; 4892
1DAC4D1DA73E016; 4873
1DAC4D1EC2422F1; 4873
1DAC4D29FCDD462; 4906
1DAC4D2B17BBFA7; 4885
1DAC4D2C47D7723; 4882
1DAC4D2D6E73A6B; 4881
1DAC4D311AA4AB3; 4910
1DAC4D3235B44B0; 4882
1DAC4D335A4CB83; 4882
1DAC4D3E8BA9574; 4884
1DAC4D49120B753; 4884
1DAC4D54427F3AB; 4883
1DAC4D5F7C21B60; 4879
1DAC4D6841D2946; 4883
1DAC4D700FB16E0; 4876
1DAC4D73792BF6F; 4844
1DAC4D749DCB853; 4873
1DAC4D75B8F7D9C; 4882
1DAC4D76DD8F58E; 4862
1DAC4D77F8AC32A; 4837
1DAC4D7913C22E0; 4866
1DAC4D7A3788A1D; 4856
1DAC4D7B52CABAB; 4856
1DAC4D86A474917; 4826
1DAC4D87B664B0F; 4825
1DAC4D8AC117ACE; 4848
1DAC4D8BE5B975B; 4827
1DAC4D8D00EDFA5; 4821
1DAC4D8E1C2AAFF; 4821
1DAC4D99563B7CA; 4811
1DAC4D9CC9152DD; 4835
1DAC4D9DEDCF8A4; 4858
1DAC4D9F08EF4F9; 4864
1DAC4DA0371B229; 4888
1DAC4DA15DA95A4; 4898
1DAC4DA27AC00DB; 4830
1DAC4DA3959A6A3; 4836
1DAC4DA4B135D55; 4830
1DAC4DA5CC111D3; 4829
1DAC4DA9227A333; 4877
1DAC4DAA3D973EC; 4826
1DAC4DAB625C477; 4832
1DAC4DAC7D5C70B; 4799
1DAC4DADA1EC398; 4850
1DAC4DAEBD24BE1; 4799
1DAC4DAFEB3E67C; 4857
1DAC4DB106660F6; 4851
1DAC4DB221E2BA1; 4851
1DAC4DBD6516838; 4810
1DAC4DBE80451D9; 4816
1DAC4DBFB05E9E0; 4818
1DAC4DC0CDBD0ED; 4874
1DAC4DC1DEF0303; 4827
1DAC4DC2FA55D7C; 4846
1DAC4DC41EB78BC; 4825
1DAC4DC53A5A71F; 4825
1DAC4DD07440CE9; 4837
1DAC4DD227E53E2; 4869
1DAC4DD357F4AA5; 4841
1DAC4DD46976B44; 4842
1DAC4DD773C4FEB; 4846
1DAC4DD88ED67B2; 4853
1DAC4DD9A9FE7E0; 4877
1DAC4DDADA09F16; 4854
1DAC4DDBEC362D7; 4852
1DAC4DDD07131E0; 4852
1DAC4DE83754F22; 4885
1DAC4DE952C0B0C; 4862
1DAC4DEA7733C68; 4869
1DAC4DEB9C644AD; 4863
1DAC4DECC27BE3D; 4863
1DAC4DF7E9ADF93; 4875
1DAC4DF993BF3BB; 4892
1DAC4DFAAEE1939; 4876
1DAC4DFBCA02821; 4892
1DAC4DFCFA19321; 4872
1DAC4DFE0BC94D0; 4875
1DAC4DFF3034824; 4876
1DAC4E02C9546D6; 4873
1DAC4E06D4C01DE; 4876
1DAC4E0BDA2F8C0; 4878
1DAC4E142DD8341; 4882
1DAC4E1BB87337B; 4879
1DAC4E2420A2040; 4883
1DAC4E2BAC0516E; 4881
1DAC4E355657041; 4884
1DAC4E3E8EDB99F; 4909
1DAC4E3FBE71DE1; 4886
1DAC4E40D0326A8; 4910
1DAC4E41F6B6611; 4910
1DAC4E4D291C209; 4884
1DAC4E4E3B1AB90; 4884
1DAC4E596B76DEE; 4885
1DAC4E649C0FCB5; 4917
1DAC4E65B788A39; 4889
1DAC4E66D22E239; 4890
1DAC4E6A28FB705; 4890
1DAC4E7559AA89F; 4892
1DAC4E7FEAAECBE; 4898
1DAC4E8691B71DE; 4925
1DAC4E87D9976F3; 4892
1DAC4E88CE76AE2; 4922
1DAC4E89F30A169; 4892
1DAC4E8B0E5439C; 4922
1DAC4E8C32E4769; 4925
1DAC4E8D596CFF6; 4898
1DAC4E8E6B216BE; 4898
1DAC4E999BA9B79; 4918
1DAC4E9ACBF1433; 4891
1DAC4E9BE71FA2C; 4921
1DAC4E9D0200593; 4891
1DAC4E9E1D29F66; 4891
1DAC4EA94DE47EF; 4891
1DAC4EB4805D80F; 4894
1DAC4EBE364A879; 4895
1DAC4EC95D3CCA5; 4901
1DAC4ED0509E11E; 4901
1DAC4EDB8D6FA1A; 4969
1DAC4EDCAA6388E; 4890
1DAC4EDDBBFED65; 4965
1DAC4EDEE0A5284; 4965
1DAC4EEA114CF03; 4920
1DAC4EEB35EFF1A; 4892
1DAC4EEC5C75DFF; 4872
1DAC4EED6E2ED2E; 4872
1DAC4EF8A806BD3; 4882
1DAC4EFC1B26846; 4903
1DAC4EFD3FB32CB; 4863
1DAC4EFE5B3A51A; 4855
1DAC4EFF7FA4C45; 4900
1DAC4F00A45682C; 4852
1DAC4F01BF6958B; 4852
1DAC4F0CFC50532; 4853
1DAC4F1824476FF; 4904
1DAC4F19490BB58; 4955
1DAC4F1A6F6C5CC; 4861
1DAC4F1B8149C14; 4861
1DAC4F26BB47A14; 4906
1DAC4F27D684DE3; 4906
1DAC4F3310977D9; 4869
1DAC4F342B8E896; 4863
1DAC4F355052932; 4909
1DAC4F366B72CF6; 4885
1DAC4F37867641E; 4890
1DAC4F38AB400C8; 4866
1DAC4F39C666195; 4872
1DAC4F3AEAF80F1; 4866
1DAC4F3C0626C1B; 4866
1DAC4F4736D12B6; 4865
1DAC4F52710DC37; 4866
1DAC4F5DA1ACD88; 4859
1DAC4F63B9BFF5F; 4903
1DAC4F64E9EB58A; 4860
1DAC4F65FB57CBA; 4859
1DAC4F69058B9A7; 4905
1DAC4F6A20A6207; 4887
1DAC4F6BAE5E7E7; 4905
1DAC4F6CC942199; 4862
1DAC4F6DE463F44; 4868
1DAC4F6F08FCF13; 4862
1DAC4F702454AB6; 4862
1DAC4F7B54FA3D7; 4862
1DAC4F868F66F1C; 4869
1DAC4F8CB0A1631; 4866
1DAC4F941F3CB63; 4866
1DAC4F9F5A36400; 4867
1DAC4FAA972B3F6; 4876
1DAC4FAEEFA112B; 4874
1DAC4FB6A9CC651; 4877
1DAC4FBF2EB2A7E; 4898
1DAC4FC0407C30F; 4881
1DAC4FC15BAA18E; 4898
1DAC4FC2895F806; 4899
1DAC4FC665CAB15; 4898
1DAC4FD037B6C4E; 4888
1DAC4FD25DE295D; 4906
1DAC4FD3828DFB2; 4882
1DAC4FD4B2B426A; 4910
1DAC4FD5CDBE002; 4910
1DAC4FE0F4C4B45; 4907
1DAC4FEA9F63F68; 4880
1DAC4FEBBA923E9; 4881
1DAC4FEF118D063; 4879
1DAC4FF5773F18E; 4879
1DAC50009F22751; 4879
1DAC500BD95F8FA; 4880
1DAC5017165FED8; 4882
1DAC5021924BF1C; 4882
1DAC502CB944051; 4938
1DAC502DDDE1241; 4918
1DAC502EF91980E; 4890
1DAC50301D8CBCA; 4896
1DAC503138C3B72; 4914
1DAC50325D764FA; 4897
1DAC503378CA9B6; 4891
1DAC50349387845; 4888
1DAC5035B8518F4; 4889
1DAC50395AEC16C; 4919
1DAC503A76286B4; 4889
1DAC503B9CCBC24; 4923
1DAC503CC333201; 4892
1DAC503DE02AB34; 4920
1DAC503EF1BADC6; 4896
1DAC50400CF3F29; 4893
1DAC504130D8F15; 4893
1DAC504C6D9C398; 4895
1DAC5056EA4267D; 4898
1DAC50607C2070A; 4899
1DAC506B99C1125; 4900
1DAC5076C0EBDB5; 4931
1DAC5077EED8D12; 4931
1DAC50831F9AF48; 4909
1DAC5084434CA89; 4900
1DAC50855E90EE9; 4900
1DAC50908F588D3; 4932
1DAC5091AA928DE; 4908
1DAC5092CEDF300; 4908
1DAC509E0BF1BD9; 4917
1DAC50A263E75D5; 4917
1DAC50AD95377C0; 4925
1DAC50B2D20A2BD; 4957
1DAC50B3F88F9C7; 4953
1DAC50B513A150B; 4926
1DAC50B6466A86A; 4953
1DAC50B74EFBA0A; 4927
1DAC50B87325962; 4957
1DAC50B999A3C45; 4958
1DAC50BD48C0B21; 4958
1DAC50C87009DD5; 4963
1DAC50D047560A3; 4939
1DAC50D16BD48A5; 4943
1DAC50D2871C07A; 4939
1DAC50D3ABD601E; 4939
1DAC50DEDC82312; 4947
1DAC50E41937688; 4941
1DAC50E53477E52; 4971
1DAC50E659021FC; 4976
1DAC50E7741E13A; 4944
1DAC50E89897B05; 4944
1DAC50F3C949FD8; 4948
1DAC50FC8F1384D; 4945
1DAC51058644618; 4971
1DAC5106AFD961C; 4947
1DAC5107C309B76; 4947
1DAC5112EA45CDB; 4948
1DAC511E24B371D; 4957
1DAC512285CD6FA; 4954
1DAC51280EC97B8; 4958
1DAC512D38C70C2; 4964
1DAC512E5EEE42C; 4961
1DAC512F708AFC8; 4961
1DAC513AA18F025; 4982
1DAC513BBC57CA7; 5009
1DAC513CEACD3C8; 4985
1DAC513E058AE27; 5016
1DAC513F2A396CF; 5013
1DAC5140455E009; 4985
1DAC51416071D2A; 4988
1DAC514284F915E; 5013
1DAC5143A03AB87; 5013
1DAC514ED184C05; 4987
1DAC514FF6330D2; 4986
1DAC51538F6643A; 5019
1DAC5154B3F8E87; 4992
1DAC5155CF36936; 4992
1DAC5160FFFDCDF; 4989
1DAC516AAA7CDC2; 4993
1DAC5172D9A6ABC; 4996
1DAC517B8C1F16D; 4993
1DAC51846E6EC98; 4994
1DAC518F9EDA03A; 4991
1DAC519942055A5; 4989
1DAC51A384A30FB; 5020
1DAC51A49FD01F0; 5020
1DAC51AFD05F233; 5056
1DAC51B0F51A46D; 5005
1DAC51B2107E068; 5066
1DAC51B340390DD; 5006
1DAC51B451F9696; 5008
1DAC51B56CB747C; 5036
1DAC51B69154796; 5006
1DAC51B7AC7D93F; 5036
1DAC51B8D143384; 5006
1DAC51B9EC7EE00; 5012
1DAC51BB10FA120; 5009
1DAC51BC43F1223; 5012
1DAC51BD4C46050; 5037
1DAC51BE7C506A2; 5036
1DAC51C261EDFD7; 5009
1DAC51C3865D89C; 5039
1DAC51C4A1445D8; 5009
1DAC51C5C5BA6C5; 5007
1DAC51C6E101C8B; 5009
1DAC51C8058D57B; 5009
1DAC51D33CC2ECB; 5068
1DAC51D45240B2E; 5043
1DAC51D578B2507; 5092
1DAC51D691B2274; 5013
1DAC51D7B693C92; 5040
1DAC51D8D15B2CB; 5040
1DAC51E40303CD0; 5016
1DAC51E51E36021; 5013
1DAC51E64C2A622; 5041
1DAC51E770F0D19; 5041
1DAC51F2A261A60; 5012
1DAC51F3D268E38; 5040
1DAC51F4E46D51C; 5042
1DAC51F5FF5B310; 5010
1DAC51F724177FD; 5011
1DAC51FAC639370; 5016
1DAC51FBE1693BB; 5072
1DAC51FD0F84895; 5041
1DAC51FE2AA6F17; 5093
1DAC51FF4F3A3D4; 5017
1DAC52007D5E9BE; 5011
1DAC520198DCDE0; 5014
1DAC5202BD3571B; 5041
1DAC5203E1C83A4; 5011
1DAC5205067BAA7; 5016
1DAC520636902D3; 5093
1DAC52074811BE4; 5041
1DAC520876585DE; 5014
1DAC52099155841; 5041
1DAC520AB7D8F47; 5069
1DAC520BC991FAE; 5014
1DAC520CEDFF0BD; 5017
1DAC520E12A12E3; 5041
1DAC520F2DE82BF; 5017
1DAC52105DD8775; 5016
1DAC52144362274; 5044
1DAC52155E8ABE0; 5014
1DAC52168E7151B; 5014
1DAC5221AE8B064; 5043
1DAC5222D3290DD; 5046
1DAC5223F84D41F; 5073
1DAC522526018C7; 5043
1DAC52264AA8093; 5045
1DAC522765DACF0; 5040
1DAC522895B80F5; 5015
1DAC5229B0C6A0E; 5125
1DAC522ACC0403F; 5015
1DAC522BE715AD1; 5021
1DAC522D0BAF05D; 5022
1DAC5230A4FEEE3; 5034
1DAC5231C9655FE; 5034
1DAC523CF25A2C6; 5038
1DAC5245DAF3461; 5080
1DAC5246E2F4A45; 5054
1DAC524807E1639; 5053
1DAC524BAA6B90D; 5087
1DAC524CCF0C50D; 5051
1DAC524DF3B5E0F; 5053
1DAC524F0ED33FF; 5084
1DAC52503354F73; 5111
1DAC52515811C7A; 5057
1DAC525273311C9; 5084
1DAC5253979B590; 5054
1DAC5254B304D99; 5084
1DAC5255CDE5BDA; 5081
1DAC5256FC186DE; 5084
1DAC5258173F0B5; 5060
1DAC5259474EABD; 5084
1DAC525A625C13A; 5053
1DAC525B86F54C2; 5084
1DAC525CA26A32F; 5085
1DAC52600685510; 5109
1DAC526121A1573; 5056
1DAC5262464E087; 5054
1DAC52636AFF050; 5048
1DAC52648FC2BA3; 5057
1DAC5265B442E92; 5054
1DAC5266D8D1A47; 5084
1DAC5267F3CFD9C; 5057
1DAC5269244FED3; 5084
1DAC526A3EFD5F0; 5054
1DAC526B63B251F; 5054
1DAC5276A078F76; 5055
1DAC5281CA1A626; 5057
1DAC528C4FA2380; 5061
1DAC5294D27BAA6; 5059
1DAC529ED2E851A; 5059
1DAC52A9FA81C2D; 5062
1DAC52B3A4FABFF; 5061
1DAC52BED65A8F2; 5062
1DAC52C9FF07500; 5062
1DAC52D530A8C4E; 5093
1DAC52D654FDD17; 5090
1DAC52D77039419; 5062
1DAC52D88B1F694; 5059
1DAC52D9AFAABBD; 5093
1DAC52DAD61A732; 5091
1DAC52DBE7C8B3E; 5066
1DAC52DD0C374D9; 5066
1DAC57E4F374C27; 5101
1DAC57F02693F52; 5107
1DAC57F7254664C; 5109
1DAC5800969999A; 5103
1DAC58069C9BC95; 5129
1DAC5807B648569; 5128
1DAC580B02FAE56; 5101
1DAC580C99C35FC; 5119
1DAC580DB71E366; 5127
1DAC580ED40465A; 5093
1DAC580FEEEEEFA; 5094
1DAC581345407AC; 5093
1DAC581C9A5FDD0; 5091
1DAC5826C9C1F60; 5116
1DAC5827EE3F929; 5141
1DAC5829094D0F2; 5113
1DAC582A2DE6A17; 5112
1DAC582DC766999; 5089
1DAC582EEBAD15E; 5085
1DAC58300703B7D; 5085
1DAC583B3812ACB; 5119
1DAC583C5EDF018; 5116
1DAC583D79DF95B; 5110
1DAC583E956AF6E; 5093
1DAC583FB01F6BC; 5098
1DAC5840D502FE7; 5095
1DAC5841EFC4DB1; 5095
1DAC584D2012138; 5103
1DAC58525C7E135; 5103
1DAC585D8ECE546; 5126
1DAC585EA93EA29; 5096
1DAC585FC463C23; 5095
1DAC58631A91447; 5090
1DAC58643F1097F; 5083
1DAC58655A2D571; 5119
1DAC58667EFD39E; 5118
1DAC586A21A1A0D; 5155
1DAC586B41EB03F; 5112
1DAC586C616C7D3; 5109
1DAC586D7CC4F5C; 5160
1DAC586EA112672; 5078
1DAC586FC7CFB09; 5077
1DAC587369F7FDC; 5076
1DAC587D020806C; 5145
1DAC587E26BF1E6; 5124
1DAC587F4179792; 5151
1DAC58805C451F9; 5150
1DAC5883B308FB6; 5122
1DAC5884D710694; 5098
1DAC5885F27E9C9; 5071
1DAC58870DB4F83; 5071
1DAC58923E6AE85; 5066
1DAC589A1F699C0; 5063
1DAC58C1DE49C62; 5052
1DAC58C2F993F51; 5076
1DAC58C41E137DF; 5073
1DAC58C544DA26B; 5074
1DAC58C8FC0C83C; 5072
1DAC58CFF48B47F; 5072
1DAC58CFFF6B5F1; 5078
1DAC58D12FB1D26; 5074
1DAC5939CC1DB88; 5579
1DAC59F207A4B7B; 5070
1DAC59F337C427E; 5064
1DAC59F44932650; 5071
1DAC59F5793EBD7; 5094
1DAC59F68AF798C; 5068
1DAC59F7A64B759; 5119
1DAC59F8D417E84; 5066
1DAC59F9EF52335; 5118
1DAC59FB0A81679; 5143
1DAC59FC2F13A11; 5163
1DAC59FD4A2F164; 5115
1DAC59FE7A50199; 5115
1DAC5A03D3556BF; 5059
1DAC5A04C795FFA; 5085
1DAC5A05F775284; 5085
1DAC5A11206F12C; 5052
1DAC5A123B83FAB; 5053
1DAC5A15A7AD750; 5051
1DAC5A1C15AE76C; 5077
1DAC5A1D3A1B4DB; 5103
1DAC5A1E556369D; 5076
1DAC5A1F8540E6A; 5103
1DAC5A20A2417B7; 5051
1DAC5A21BF4256D; 5052
1DAC5A251F65775; 5435
1DAC5A263A95FCB; 5434
1DAC5A2ABEAA566; 5078
1DAC5A2BE29E122; 5078
1DAC5A371243033; 5050
1DAC5A38364048F; 5026
1DAC5A3950D1AD1; 5026
1DAC5B3BF961F28; 5086
1DAC5B473348B7E; 5100
1DAC5B484E4309F; 5097
1DAC5B49696B0E8; 5104
1DAC5B4A8E086C2; 5131
1DAC5B4BA93EEB8; 5082
1DAC5B4CC450914; 5138
1DAC5B4DE8F134A; 5088
1DAC5B4F046313F; 5142
1DAC5B5028AB785; 5116
1DAC5B514F3D55A; 5119
1DAC5B5260FFCFF; 5140
1DAC5B53856FCAD; 5125
1DAC5B54A0D9AC5; 5126
1DAC5B580098378; 5151
1DAC5B591BC32DB; 5152
1DAC5B5C7BB4822; 5101
1DAC5B5D96DC936; 5101
1DAC5B68E7A93E4; 5188
1DAC5B69EFA97E3; 5140
1DAC5B6B0AE20B7; 5110
1DAC5B6C2F7DAC7; 5138
1DAC5B6D4A7B943; 5110
1DAC5B6E65CA3B6; 5165
1DAC5B6F8A53FF1; 5144
1DAC5B70A5A0732; 5166
1DAC5B71CA31175; 5115
1DAC5B72E5EB9B9; 5141
1DAC5B74006F4EB; 5168
1DAC5B752545BE7; 5114
1DAC5B764021B7D; 5166
1DAC5B7764C4EFC; 5131
1DAC5B788039C64; 5111
1DAC5B79A6C2581; 5162
1DAC5B7AC1898E7; 5162
1DAC5B8609D326B; 5416
1DAC5B871214B60; 5129
1DAC5B883686E7A; 5134
1DAC5B8969A569C; 5134
1DAC5B948745FE9; 5162
1DAC5B95B734A8C; 5136
1DAC5B96C8E9681; 5163
1DAC5B97E40A56C; 5136
1DAC5B9908A1F26; 5135
1DAC5B9CA1DFC9B; 5136
1DAC5BA63A569B7; 5148
1DAC5BA755895A6; 5151
1DAC5BA87098C48; 5151
1DAC5BB3B73DA0E; 5179
1DAC5BB4C891B29; 5134
1DAC5BB5E3E3A12; 5134
1DAC5BC11DDCC38; 5145
1DAC5BC3AD0F1F4; 5149
1DAC5BC4D1A0326; 5152
1DAC5BC5F81D91C; 5206
1DAC5BC709C6848; 5155
1DAC5BC82D758CC; 5211
1DAC5BC948BFB97; 5213
1DAC5BCA6CFCD86; 5163
1DAC5BCB8857E31; 5195
1DAC5BCCACCD0C9; 5193
1DAC5BCDC80F060; 5171
1DAC5BCEE326A79; 5214
1DAC5BD007B67C8; 5221
1DAC5BD122F8C5D; 5223
1DAC5BD2476362A; 5202
1DAC5BD3627E788; 5199
1DAC5BD4956D719; 5200
1DAC5BD8F824DDD; 5174
1DAC5BD9FEC3703; 5174
1DAC5BE52FA43B3; 5202
1DAC5BE654181B8; 5222
1DAC5BE76F3C2C7; 5196
1DAC5BE893F0CB4; 5201
1DAC5BE9AF339BE; 5201
1DAC5BF4EBF8918; 5173
1DAC5BF606EEBC1; 5179
1DAC5BF7223B575; 5179
1DAC5C025C93781; 5183
1DAC5C0B1D0214D; 5183
1DAC5C165721431; 5205
1DAC5C1772896C7; 5231
1DAC5C189709221; 5237
1DAC5C19BD881E0; 5238
1DAC5C1D603E241; 5238
1DAC5C2890D9BA0; 5517
1DAC5C29ABE814C; 5468
1DAC5C2ADBE3ED7; 5520
1DAC5C2BED9B4A9; 5461
1DAC5C2D1F5D7BC; 5469
1DAC5C2E278609A; 5490
1DAC5C2F4C0D03F; 5540
1DAC5C307EDCB18; 5462
1DAC5C319259317; 5490
1DAC5C32A412396; 5495
1DAC5C33C88F291; 5545
1DAC5C34E3DA0E8; 5512
1DAC5C3608698B4; 5519
1DAC5C3723A4337; 5536
1DAC5C384849707; 5561
1DAC5C39634CFD2; 5567
1DAC5C3A7E7D37F; 5566
1DAC5C3DDE6164E; 5566
1DAC5C491B4D290; 5569
1DAC5C52BC4E86D; 5545
1DAC5C53E2D2D7F; 5515
1DAC5C54FDBA545; 5515
1DAC5C602509A08; 5522
1DAC5C663CEA43F; 5540
1DAC5C6761D5258; 5563
1DAC5C687CE4FD5; 5512
1DAC5C6997E01AC; 5542
1DAC5C6ABCA2D3F; 5593
1DAC5C6BD7BEC53; 5512
1DAC5C6D07C8223; 5519
1DAC5C6E1945A04; 5570
1DAC5C6F3497579; 5569
1DAC5C7298CFB99; 5539
1DAC5C73B3DE8F8; 5539
1DAC5C7EE476464; 5516
1DAC5C7FFFAEC3A; 5516
1DAC5C8B3078FDA; 5516
1DAC5C966A45730; 5492
1DAC5C9785BDF42; 5517
1DAC5C98A0ABA46; 5574
1DAC5C99C52C45A; 5523
1DAC5C9AE06B026; 5573
1DAC5C9C106F0DE; 5548
1DAC5C9D21D5584; 5542
1DAC5C9E3D29614; 5549
1DAC5C9F84E701D; 5569
1DAC5CA08578D11; 5621
1DAC5CA196F448B; 5569
1DAC5CA2BBA0720; 5593
1DAC5CA3D6B25BA; 5599
1DAC5CA4FB87250; 21251
1DAC5CA616CDED9; 21248
1DAC5CA73229B08; 21268
1DAC5CA86B219B5; 21319
1DAC5CA97C20B05; 5229
1DAC5CAA96929D9; 5228
1DAC5CADEF3ECA6; 5204
1DAC5CAF09F1518; 5204
1DAC5CBA3AA7CAA; 5566
1DAC5CBBC849327; 5548
1DAC5CBCE3A2B0E; 5548
1DAC5CC820247E6; 5243
1DAC5CC931E32A2; 5237
1DAC5CCA5662178; 5547
1DAC5CCB718BC68; 5547
1DAC5CD6AB9F3A9; 5468
1DAC5CD7C69EFC6; 5474
1DAC5CD8E1EEAFF; 5474
1DAC5CE42A3F303; 5241
1DAC5CE53248990; 5247
1DAC5CE66EAEB52; 5241
1DAC5CE76D7525F; 5268
1DAC5CE891EDD95; 5274
1DAC5CE9AD10D29; 5479
1DAC5CEAD183003; 5479
1DAC5CF60237A98; 5300
1DAC5CF726D6D6A; 5558
1DAC5CF841EF5E0; 5248
1DAC5CF95CFC2C9; 5248
1DAC5D04A3A99FF; 5250
1DAC5D0F1FDB303; 5255
1DAC5D16B45FF0D; 5282
1DAC5D17D938A62; 5282
1DAC5D230BA664F; 5279
1DAC5D2CAC50D77; 5563
1DAC5D2DC768B52; 5537
1DAC5D2EE2BAA6A; 5543
1DAC5D30072E4D8; 5518
1DAC5D312257929; 5543
1DAC5D3246FF94B; 5594
1DAC5D33625B5AE; 5536
1DAC5D347D5667D; 5537
1DAC5D37D3AF490; 5306
1DAC5D38EEE73BD; 5233
1DAC5D3A13735F2; 5285
1DAC5D3B39E5071; 5207
1DAC5D3C4B98805; 5228
1DAC5D3D6FFE1F0; 5207
1DAC5D3E8B7BD48; 5286
1DAC5D3FBB4064A; 5208
1DAC5D40CCD43DF; 5229
1DAC5D41F35B9A6; 5202
1DAC5D43104CCDE; 5208
1DAC5D442B69657; 5229
1DAC5D4551FE800; 5230
1DAC5D48FE141E4; 5212
1DAC5D4A197C416; 5237
1DAC5D4B3E1AB15; 5213
1DAC5D4C590FD1F; 5213
1DAC5D5789BF7CD; 5209
1DAC5D6057F0DA2; 5371
1DAC5D61733EAD1; 5244
1DAC5D6297B8E64; 5292
1DAC5D63B332A04; 5292
1DAC5D6EE39C27E; 5214
1DAC5D70083E8CE; 5299
1DAC5D712344DBB; 5275
1DAC5D724801C52; 5247
1DAC5D736322335; 5299
1DAC5D74881F6F7; 5293
1DAC5D75A35A752; 5214
1DAC5D76C945A17; 5220
1DAC5D77EFD1334; 5248
1DAC5D790CE7DFC; 5300
1DAC5D7A29EED13; 5300
1DAC5D85516E008; 5224
1DAC5D8675E0D3D; 5245
1DAC5D8790F1700; 5245
1DAC5D92C18F8C6; 5279
1DAC5D93E600916; 5306
1DAC5D950139F53; 5279
1DAC5D9625DEE32; 5221
1DAC5D974128BF7; 5248
1DAC5D985C3619D; 5248
1DAC5DA39629F68; 5227
1DAC5DA4B15EA70; 5254
1DAC5DA5E173E4A; 5255
1DAC5DA9C6FB7C2; 5255
1DAC5DB500E4BEE; 5232
1DAC5DB61C137B6; 5311
1DAC5DB73730417; 5259
1DAC5DB85BD642C; 5280
1DAC5DB9772538E; 5278
1DAC5DBA9B83CD2; 5232
1DAC5DBBB6AFEB4; 5260
1DAC5DBCDB82E71; 5314
1DAC5DBDF6B9117; 5260
1DAC5DBF11B2050; 5261
1DAC5DC27FA0D7A; 5261
1DAC5DCD9D3B023; 5286
1DAC5DCEB8500A4; 5286
1DAC5DD9F27D052; 5267
1DAC5DDB1908178; 5260
1DAC5DDC3413B1D; 5287
1DAC5DDD4F281F1; 5314
1DAC5DDE6A86EC3; 5287
1DAC5DDF8F0351F; 5242
1DAC5DE0AA20761; 5266
1DAC5DE1CE8E30A; 5270
1DAC5DE2E9C1A9F; 5242
1DAC5DE404FD8F5; 5297
1DAC5DE52994E11; 5237
1DAC5DE644A056A; 5264
1DAC5DE769464CF; 5243
1DAC5DE88FC76DF; 5322
1DAC5DE9A13A3E1; 5301
1DAC5DEAC5BD934; 5319
1DAC5DEBE147593; 5267
1DAC5DED07A6CD0; 5245
1DAC5DEE2E13CC3; 5273
1DAC5DEF3FBAED5; 5294
1DAC5DF05AB376E; 5240
1DAC5DF18AC4F03; 5247
1DAC5DF29C69C55; 5301
1DAC5DF3B77F864; 5325
1DAC5DF4E5BAC29; 5292
1DAC5DF600C8F67; 5294
1DAC5DF78B5F56B; 5293
1DAC5DFD6A266B1; 5241
1DAC5DFE8537ABC; 5242
1DAC5E01E5048D7; 5302
1DAC5E03003A1AB; 5250
1DAC5E0424BA45A; 5328
1DAC5E054A2FB54; 5302
1DAC5E066492EF8; 5302
1DAC5E119F58897; 5303
1DAC5E1CD0200DE; 5303
1DAC5E2816703D3; 5251
1DAC5E294B11285; 5251
1DAC5E345EC3664; 5251
1DAC5E3F905EFA7; 5302
1DAC5E40AB78937; 5275
1DAC5E41D0483B9; 5302
1DAC5E42EB1B687; 5251
1DAC5E440F95549; 5272
1DAC5E452ACBD4B; 5244
1DAC5E46464DB1C; 5244
1DAC5E5182AD358; 5305
1DAC5E529DC8B82; 5305
1DAC5E5DD87DB3B; 5248
1DAC5E5EF3DCF7F; 5275
1DAC5E60183E65E; 5253
1DAC5E6133BEA38; 5308
1DAC5E624EA3E36; 5302
1DAC5E637EB1350; 5251
1DAC5E64903E059; 5300
1DAC5E65AB4FAE2; 5273
1DAC5E66CFF15F3; 5306
1DAC5E67EB1FFBB; 5281
1DAC5E690F92680; 5282
1DAC5E6CA918D5F; 5307
1DAC5E6DCD71078; 5254
1DAC5E6EEA403C3; 5254
1DAC5E7A250C51F; 5257
1DAC5E83CFDA862; 5306
1DAC5E84EABBE85; 5306
1DAC5E902586CD6; 5288
1DAC5E913FF4475; 5261
1DAC5E925AE98FF; 5316
1DAC5E937F67CE3; 5255
1DAC5E949A8D895; 5307
1DAC5E95BF233DD; 5316
1DAC5E96DA60CF3; 5285
1DAC5E97F553A2D; 5282
1DAC5E991A312AD; 5343
1DAC5E9A350A2CC; 5285
1DAC5E9B5A0F67C; 5343
1DAC5E9C74CFC53; 5313
1DAC5E9D906CF92; 5316
1DAC5E9EB47CC4B; 5313
1DAC5E9FCFC79CA; 5289
1DAC5EA0EB22A18; 5289
1DAC5EAC259A333; 5292
1DAC5EB5D000EA2; 5345
1DAC5EB6EAF6EEA; 5317
1DAC5EB80F9C271; 5263
1DAC5EB92AFDDAF; 5318
1DAC5EBA45DBC3E; 5318
1DAC5EC57742040; 5302
1DAC5EC6923E90C; 5330
1DAC5EC7B6FD0BB; 5333
1DAC5EC8DD78323; 5329
1DAC5EC9EECC240; 5323
1DAC5ECB1377E46; 5306
1DAC5ECC2EBA68B; 5333
1DAC5ECD5E9D4CE; 5329
1DAC5ECE703A137; 5305
1DAC5ECF8B6A5D5; 5305
1DAC5EDAD1772D2; 5278
1DAC5EDBE323BEC; 5353
1DAC5EDCFE4EB23; 5299
1DAC5EDE22EB9C9; 5360
1DAC5EDF3E1F400; 5334
1DAC5EE0629E98C; 5361
1DAC5EE17D8F2BE; 5278
1DAC5EE2A20FCC4; 5306
1DAC5EE3BD53A0A; 5279
1DAC5EE4E1D8499; 5334
1DAC5EE6085A8DB; 5334
1DAC5EF13027BF4; 5362
1DAC5EF254C616A; 5306
1DAC5EF36FEA1B6; 5276
1DAC5EF494B4A7B; 5277
1DAC5EF82D942B6; 5334
1DAC5EF95D88D68; 5361
1DAC5EFA6F23B56; 5307
1DAC5EFB93AE0AB; 5306
1DAC5EFF2CD0943; 5334
1DAC5F0051646EB; 5360
1DAC5F016C90ACE; 5358
1DAC5F02912374C; 5361
1DAC5F03B7B6D43; 5389
1DAC5F04C943C53; 5277
1DAC5F05EDF9138; 5307
1DAC5F07091DA8C; 5361
1DAC5F082D7F32E; 5279
1DAC5F0953FC5B5; 5353
1DAC5F0A65B9DE9; 5280
1DAC5F0B80B2DC0; 5361
1DAC5F0CA54EEFD; 5362
1DAC5F104814242; 5283
1DAC5F1162F4AAA; 5307
1DAC5F128799260; 5304
1DAC5F13A2E29A1; 5277
1DAC5F14BE091B5; 5301
1DAC5F15E278DB2; 5310
1DAC5F16FD8D0F5; 5283
1DAC5F182D8E98D; 5283
1DAC5F234AD68F1; 5278
1DAC5F2B2217B23; 5287
1DAC5F2C4696A13; 5339
1DAC5F2D6D386F0; 5278
1DAC5F2E7ED35C9; 5336
1DAC5F2FA380BAE; 5367
1DAC5F30BE673BF; 5366
1DAC5F341E4B670; 5339
1DAC5F353980478; 5287
1DAC5F36549369D; 5364
1DAC5F377941969; 5315
1DAC5F389DAEA1F; 5350
1DAC5F39C261B13; 5297
1DAC5F3ADD3154D; 5398
1DAC5F3C01D44A6; 5299
1DAC5F3D2877CAD; 5299
1DAC5F485023A99; 5300
1DAC5F538D0316B; 5355
1DAC5F54A7E0400; 5301
1DAC5F55C30B4BF; 5303
1DAC5F56DE3A94B; 5300
1DAC5F5802D056C; 5298
1DAC5F5935A849A; 5291
1DAC5F5A3DBF15A; 5328
1DAC5F5B58BAF75; 5346
1DAC5F5C7D5D069; 5300
1DAC5F5DA125709; 5328
1DAC5F5EC5ECF23; 5346
1DAC5F5FE0D345D; 5325
1DAC5F60FBFFF05; 5325
1DAC5F6C440454B; 5328
1DAC5F75DB46540; 5331
1DAC5F7F0C309F1; 5302
1DAC5F8030F124B; 5380
1DAC5F8155798AE; 5298
1DAC5F8270AFF11; 5322
1DAC5F839EBC386; 5362
1DAC5F84B9BA431; 5335
1DAC5F85E9F97FA; 5335
1DAC5F911CF619D; 5297
1DAC5F922E98B15; 5336
1DAC5F9349B68F8; 5336
1DAC5F9E7AEDF18; 5320
1DAC5F9FA18CA91; 5333
1DAC5FA0B366227; 5360
1DAC5FA1D783E55; 5297
1DAC5FA2F29FDAF; 5336
1DAC5FA4177B44C; 5333
1DAC5FA5323AFB9; 5379
1DAC5FA64DE62BE; 5357
1DAC6477ABDAA72; 5396
1DAC64829057C22; 5349
1DAC6483B4A18A8; 5328
1DAC6484D00DEF0; 5358
1DAC6485EB3823B; 5324
1DAC64870F99A37; 5358
1DAC64882AB0F54; 5358
1DAC64936730B02; 5323
1DAC649478D8664; 5349
1DAC64959413CE6; 5316
1DAC6496B8960DD; 5350
1DAC6497D4365C6; 5387
1DAC6498F89E917; 5393
1DAC649A13C3114; 5387
1DAC649B347A932; 5315
1DAC649C5319199; 5315
1DAC64A7895E6EC; 5371
1DAC64A8A8013A8; 5364
1DAC64A9C39EDC4; 5367
1DAC64AADE66641; 5369
1DAC64AC02C498E; 5337
1DAC64AD1E4AE94; 5343
1DAC64AE4294966; 5363
1DAC64AF5D9B80B; 5309
1DAC64B08DA19D7; 5368
1DAC64B19F16A11; 5314
1DAC64B2BA2B766; 5342
1DAC64B3DF5C097; 5313
1DAC64B4FA14D16; 5313
1DAC64C099A9556; 5356
1DAC64C1B4D20DF; 5560
1DAC64C34BCB48C; 5560
1DAC64CE7D6D139; 5559
1DAC64D9AE703A4; 5673
1DAC64DAD38389B; 5674
1DAC64DE75CCD97; 5620
1DAC64DF9A41AB6; 5627
1DAC64E0B56D6F5; 5672
1DAC64E1DAFABF3; 5647
1DAC64E300B32F4; 5672
1DAC64E412301C6; 5704
1DAC64E536B0511; 5704
1DAC64F07C83D65; 5287
1DAC64F18D86CFE; 5256
1DAC66D051FEB17; 5355
1DAC66D0FAA0AE1; 5399
1DAC66D21F2FF77; 5426
1DAC66D33A4423A; 5355
1DAC66D455B630B; 5355
1DAC66D48BAC478; 5426
1DAC66D4B87BB7F; 5597
1DAC66D4E515446; 5398
1DAC66D51B5E89B; 5476
1DAC66D5481B540; 5354
1DAC66D57E58F5F; 5398
1DAC66FA471F81C; 5315
1DAC66FB3AE1026; 5313
1DAC66FB84BE991; 5312
1DAC66FC8C32BC2; 5312
1DAC66FD84B15D1; 5289
1DAC66FEA8F2DA1; 5311
1DAC66FEE9DD242; 5316
1DAC66FF0C88E62; 5316
1DAC66FF423108B; 5316
1DAC66FF6E70AEC; 5316
1DAC66FF9A9343A; 5317
1DAC66FFD044EFC; 5311
1DAC67001701CFE; 5310
1DAC67011ECA330; 5344
1DAC67023B84030; 5644
1DAC67034D2B07C; 5593
1DAC670471C283B; 5394
1DAC67058D005B1; 5389
1DAC6706B1E44A5; 5395
1DAC6707CC923CD; 5395
1DAC6712FD6FFCD; 5392
1DAC671CA819A0F; 5396
1DAC6724E9E2616; 5633
1DAC6725FB7F7F7; 5712
1DAC672716B0B9F; 5660
1DAC672831E053E; 5611
1DAC6729563EA13; 5660
1DAC672A7D0505A; 5609
1DAC672B8E7B287; 5666
1DAC672CB325D16; 5642
1DAC672DCE46791; 5636
1DAC672EF2F6D27; 5612
1DAC67300E1CAA7; 5619
1DAC6731290FAFA; 5389
1DAC67324DA7BEC; 5594
1DAC673374280A2; 5385
1DAC673485EB70B; 5594
1DAC6735AA7322B; 5417
1DAC6736C5B8E7B; 5594
1DAC6737EA5A69B; 5645
1DAC67390ED43CB; 5418
1DAC673A2A1B45D; 5372
1DAC673B4544080; 5410
1DAC673C8193A68; 5373
1DAC673D801D36F; 5391
1DAC673EA4B0D16; 5391
1DAC6749CBDCD3C; 21804
1DAC674B02DB9E3; 5356
1DAC674C532E20D; 5325
1DAC674D4A83990; 5324
1DAC674F537A4C5; 5323
1DAC67573055DFD; 5627
1DAC67584B3FCF4; 5598
1DAC6759787C7DB; 5620
1DAC675A9EC53CD; 5334
1DAC675BAFC7A41; 5598
1DAC675CD3BD078; 5598
1DAC6767F9AF578; 5583
1DAC676941658B7; 5266
1DAC676A4DA4715; 3925
1DAC676B5821004; 5296
1DAC676C7C6F0BD; 5296
1DAC6777AC4E876; 5606
1DAC6778E7B8C44; 5576
1DAC6779F82EF0F; 5633
1DAC677B2E84BAA; 5626
1DAC677C3F1670F; 5627
1DAC677F52F945F; 4294967295
1DAC678051A032D; 5606
1DAC6781BE6B54C; 4294967295
1DAC678296F3167; 5599
1DAC6783ECF828E; 4294967295
1DAC6784E1F0328; 5605
1DAC67862E71679; 4294967295
1DAC67871A514E7; 5596
1DAC67885A9ABF8; 4294967295
1DAC67898A97FE5; 4294967295
1DAC6794A791CEB; 4294967295
1DAC679FB253ECE; 5615
1DAC67A0CD5A131; 5622
1DAC67A1F1E1C0A; 5625
1DAC67A316B1F90; 5653
1DAC67A43B515E8; 5635
1DAC67A56986EF5; 5632
1DAC67A684B0636; 5630
1DAC67A79FA25B8; 5633
1DAC67A8D94CE02; 5663
1DAC67A9EAFB986; 5639
1DAC67AB05C4703; 5677
1DAC67AC2AA6AD6; 5653
1DAC67AD4F2BEA7; 5649
1DAC67AE73C2F0F; 5650
1DAC67B2200171D; 5651
1DAC67BBB79FB66; 5651
1DAC67C6E83630A; 5485
1DAC67C8247A5E3; 5485
1DAC67D338748B0; 5444
1DAC67D46676F88; 5471
1DAC67D58CFF016; 5445
1DAC67D6AA0ABCC; 5447
1DAC67D7D0C3A17; 5471
1DAC67D8F7891BD; 5496
1DAC67DA08E7F48; 5463
1DAC67DB36D3DF5; 5437
1DAC67DC521EC87; 5735
1DAC67DD76B3521; 5680
1DAC67DEA4E175A; 5458
1DAC67DFCB808FC; 5707
1DAC67E0E671E99; 5701
1DAC67E20B4DECF; 5673
1DAC67E3395FE8C; 5700
1DAC67E45499A9F; 5674
1DAC67E56FBBFCE; 5728
1DAC67E69DAD8E3; 5721
1DAC67E7B8EA360; 5422
1DAC67E8D4209FC; 5447
1DAC67EA040E60D; 5446
1DAC67EDE993415; 5418
1DAC67EF048FCB8; 5411
1DAC67F02837F60; 5435
1DAC67F1436FBA9; 5691
1DAC67F2683FEB5; 5441
1DAC67F38EDA73F; 5663
1DAC67F4A1266FE; 5689
1DAC67F5C50BEBA; 5665
1DAC67F6E018057; 5760
1DAC67F810080B4; 5685
1DAC67F9224E0DA; 5685
1DAC680448E85D7; 5687
1DAC680ED85214D; 5444
1DAC680FF37F253; 5417
1DAC681117DCC21; 5418
1DAC6814B1766A6; 5662
1DAC6815CC7BCE5; 5436
1DAC6816F106C3C; 5687
1DAC68180C06DFC; 5416
1DAC6819274F8FC; 5711
1DAC681A4BF1F87; 5442
1DAC681B7076717; 5719
1DAC681C97591FB; 5686
1DAC681DB264518; 5416
1DAC681ECD66185; 5416
1DAC6829FDE92A9; 5452
1DAC682B192750E; 5449
1DAC682C34565E2; 5422
1DAC682D64233E4; 5429
1DAC682E811F971; 5427
1DAC682FA7B7D9C; 5454
1DAC6830C339D79; 5455
1DAC683422A8A24; 5432
1DAC683547C3A3D; 5458
1DAC68366DE0185; 5435
1DAC68378AEE383; 5435
1DAC6842B256082; 5467
1DAC6843D71EA5B; 5448
1DAC6844FB90B7B; 5479
1DAC684622939E5; 5421
1DAC684733FA1DD; 5452
1DAC68485894861; 5446
1DAC68497F1440C; 5452
1DAC684A908B08E; 5420
1DAC684BAB9656E; 5447
1DAC684CD03DAF1; 5426
1DAC684DEB9BCB9; 5478
1DAC684F844C5C0; 5484
1DAC685095DB6AB; 5427
1DAC6851BA7A290; 5432
1DAC6852DF44123; 5434
1DAC685403D3DA5; 5461
1DAC68551ED569D; 5431
1DAC6856438DACE; 5458
1DAC6857683134F; 5459
1DAC685B0ACD7E1; 5459
